mode: set
github.com/jeranaias/rigrun-tui/internal/commands/benchmark_handler.go:44.59,45.20 1 0
github.com/jeranaias/rigrun-tui/internal/commands/benchmark_handler.go:45.20,46.25 1 0
github.com/jeranaias/rigrun-tui/internal/commands/benchmark_handler.go:46.25,52.4 1 0
github.com/jeranaias/rigrun-tui/internal/commands/benchmark_handler.go:55.2,58.24 2 0
github.com/jeranaias/rigrun-tui/internal/commands/benchmark_handler.go:58.24,60.3 1 0
github.com/jeranaias/rigrun-tui/internal/commands/benchmark_handler.go:65.58,66.24 1 0
github.com/jeranaias/rigrun-tui/internal/commands/benchmark_handler.go:66.24,68.38 1 0
github.com/jeranaias/rigrun-tui/internal/commands/benchmark_handler.go:68.38,72.4 1 0
github.com/jeranaias/rigrun-tui/internal/commands/benchmark_handler.go:75.3,82.23 4 0
github.com/jeranaias/rigrun-tui/internal/commands/benchmark_handler.go:82.23,85.18 2 0
github.com/jeranaias/rigrun-tui/internal/commands/benchmark_handler.go:85.18,87.5 1 0
github.com/jeranaias/rigrun-tui/internal/commands/benchmark_handler.go:90.4,91.18 2 0
github.com/jeranaias/rigrun-tui/internal/commands/benchmark_handler.go:91.18,92.56 1 0
github.com/jeranaias/rigrun-tui/internal/commands/benchmark_handler.go:92.56,94.6 1 0
github.com/jeranaias/rigrun-tui/internal/commands/benchmark_handler.go:97.4,97.47 1 0
github.com/jeranaias/rigrun-tui/internal/commands/benchmark_handler.go:101.3,102.17 2 0
github.com/jeranaias/rigrun-tui/internal/commands/benchmark_handler.go:102.17,104.4 1 0
github.com/jeranaias/rigrun-tui/internal/commands/benchmark_handler.go:107.3,108.17 2 0
github.com/jeranaias/rigrun-tui/internal/commands/benchmark_handler.go:108.17,109.69 1 0
github.com/jeranaias/rigrun-tui/internal/commands/benchmark_handler.go:109.69,111.5 1 0
github.com/jeranaias/rigrun-tui/internal/commands/benchmark_handler.go:114.3,114.54 1 0
github.com/jeranaias/rigrun-tui/internal/commands/completion.go:29.50,33.2 1 1
github.com/jeranaias/rigrun-tui/internal/commands/completion.go:36.54,37.23 1 0
github.com/jeranaias/rigrun-tui/internal/commands/completion.go:37.23,39.3 1 0
github.com/jeranaias/rigrun-tui/internal/commands/completion.go:40.2,40.29 1 0
github.com/jeranaias/rigrun-tui/internal/commands/completion.go:44.72,46.28 1 1
github.com/jeranaias/rigrun-tui/internal/commands/completion.go:46.28,48.3 1 0
github.com/jeranaias/rigrun-tui/internal/commands/completion.go:50.2,53.36 2 1
github.com/jeranaias/rigrun-tui/internal/commands/completion.go:53.36,55.3 1 1
github.com/jeranaias/rigrun-tui/internal/commands/completion.go:58.2,59.21 2 1
github.com/jeranaias/rigrun-tui/internal/commands/completion.go:59.21,61.3 1 0
github.com/jeranaias/rigrun-tui/internal/commands/completion.go:64.2,64.55 1 1
github.com/jeranaias/rigrun-tui/internal/commands/completion.go:64.55,66.3 1 1
github.com/jeranaias/rigrun-tui/internal/commands/completion.go:69.2,70.16 2 1
github.com/jeranaias/rigrun-tui/internal/commands/completion.go:70.16,72.3 1 0
github.com/jeranaias/rigrun-tui/internal/commands/completion.go:75.2,76.35 2 1
github.com/jeranaias/rigrun-tui/internal/commands/completion.go:76.35,78.3 1 0
github.com/jeranaias/rigrun-tui/internal/commands/completion.go:80.2,81.54 2 1
github.com/jeranaias/rigrun-tui/internal/commands/completion.go:81.54,83.3 1 1
github.com/jeranaias/rigrun-tui/internal/commands/completion.go:85.2,85.46 1 1
github.com/jeranaias/rigrun-tui/internal/commands/completion.go:93.67,98.39 3 1
github.com/jeranaias/rigrun-tui/internal/commands/completion.go:98.39,99.17 1 1
github.com/jeranaias/rigrun-tui/internal/commands/completion.go:99.17,100.12 1 1
github.com/jeranaias/rigrun-tui/internal/commands/completion.go:104.3,104.60 1 1
github.com/jeranaias/rigrun-tui/internal/commands/completion.go:104.60,112.4 2 1
github.com/jeranaias/rigrun-tui/internal/commands/completion.go:115.3,115.37 1 1
github.com/jeranaias/rigrun-tui/internal/commands/completion.go:115.37,116.58 1 1
github.com/jeranaias/rigrun-tui/internal/commands/completion.go:116.58,124.5 2 1
github.com/jeranaias/rigrun-tui/internal/commands/completion.go:129.2,131.20 2 1
github.com/jeranaias/rigrun-tui/internal/commands/completion.go:139.90,140.47 1 1
github.com/jeranaias/rigrun-tui/internal/commands/completion.go:140.47,142.3 1 0
github.com/jeranaias/rigrun-tui/internal/commands/completion.go:144.2,146.18 2 1
github.com/jeranaias/rigrun-tui/internal/commands/completion.go:147.20,148.35 1 1
github.com/jeranaias/rigrun-tui/internal/commands/completion.go:149.22,150.37 1 0
github.com/jeranaias/rigrun-tui/internal/commands/completion.go:151.19,152.34 1 0
github.com/jeranaias/rigrun-tui/internal/commands/completion.go:153.19,154.45 1 0
github.com/jeranaias/rigrun-tui/internal/commands/completion.go:155.19,156.34 1 1
github.com/jeranaias/rigrun-tui/internal/commands/completion.go:157.21,158.35 1 0
github.com/jeranaias/rigrun-tui/internal/commands/completion.go:159.21,161.27 1 0
github.com/jeranaias/rigrun-tui/internal/commands/completion.go:161.27,164.4 2 0
github.com/jeranaias/rigrun-tui/internal/commands/completion.go:165.3,165.13 1 0
github.com/jeranaias/rigrun-tui/internal/commands/completion.go:166.10,167.13 1 0
github.com/jeranaias/rigrun-tui/internal/commands/completion.go:172.65,174.23 2 1
github.com/jeranaias/rigrun-tui/internal/commands/completion.go:174.23,176.3 1 1
github.com/jeranaias/rigrun-tui/internal/commands/completion.go:176.8,185.3 1 0
github.com/jeranaias/rigrun-tui/internal/commands/completion.go:187.2,187.44 1 1
github.com/jeranaias/rigrun-tui/internal/commands/completion.go:191.67,192.25 1 0
github.com/jeranaias/rigrun-tui/internal/commands/completion.go:192.25,194.3 1 0
github.com/jeranaias/rigrun-tui/internal/commands/completion.go:196.2,201.35 4 0
github.com/jeranaias/rigrun-tui/internal/commands/completion.go:201.35,205.28 3 0
github.com/jeranaias/rigrun-tui/internal/commands/completion.go:205.28,207.30 2 0
github.com/jeranaias/rigrun-tui/internal/commands/completion.go:207.30,209.5 1 0
github.com/jeranaias/rigrun-tui/internal/commands/completion.go:211.4,212.27 2 0
github.com/jeranaias/rigrun-tui/internal/commands/completion.go:212.27,214.5 1 0
github.com/jeranaias/rigrun-tui/internal/commands/completion.go:216.4,221.6 1 0
github.com/jeranaias/rigrun-tui/internal/commands/completion.go:225.2,226.20 2 0
github.com/jeranaias/rigrun-tui/internal/commands/completion.go:230.64,232.22 1 1
github.com/jeranaias/rigrun-tui/internal/commands/completion.go:232.22,235.3 2 0
github.com/jeranaias/rigrun-tui/internal/commands/completion.go:238.2,238.41 1 1
github.com/jeranaias/rigrun-tui/internal/commands/completion.go:242.72,246.19 2 1
github.com/jeranaias/rigrun-tui/internal/commands/completion.go:246.19,248.3 1 1
github.com/jeranaias/rigrun-tui/internal/commands/completion.go:251.2,253.58 3 1
github.com/jeranaias/rigrun-tui/internal/commands/completion.go:253.58,256.3 2 0
github.com/jeranaias/rigrun-tui/internal/commands/completion.go:259.2,260.16 2 1
github.com/jeranaias/rigrun-tui/internal/commands/completion.go:260.16,262.3 1 0
github.com/jeranaias/rigrun-tui/internal/commands/completion.go:264.2,266.32 2 1
github.com/jeranaias/rigrun-tui/internal/commands/completion.go:266.32,268.56 2 1
github.com/jeranaias/rigrun-tui/internal/commands/completion.go:268.56,269.12 1 1
github.com/jeranaias/rigrun-tui/internal/commands/completion.go:273.3,273.70 1 0
github.com/jeranaias/rigrun-tui/internal/commands/completion.go:273.70,274.12 1 0
github.com/jeranaias/rigrun-tui/internal/commands/completion.go:277.3,278.20 2 0
github.com/jeranaias/rigrun-tui/internal/commands/completion.go:278.20,280.4 1 0
github.com/jeranaias/rigrun-tui/internal/commands/completion.go:282.3,284.20 2 0
github.com/jeranaias/rigrun-tui/internal/commands/completion.go:284.20,286.4 1 0
github.com/jeranaias/rigrun-tui/internal/commands/completion.go:288.3,289.44 2 0
github.com/jeranaias/rigrun-tui/internal/commands/completion.go:289.44,290.21 1 0
github.com/jeranaias/rigrun-tui/internal/commands/completion.go:290.21,292.5 1 0
github.com/jeranaias/rigrun-tui/internal/commands/completion.go:292.10,294.5 1 0
github.com/jeranaias/rigrun-tui/internal/commands/completion.go:297.3,302.5 1 0
github.com/jeranaias/rigrun-tui/internal/commands/completion.go:305.2,308.27 2 1
github.com/jeranaias/rigrun-tui/internal/commands/completion.go:308.27,310.3 1 0
github.com/jeranaias/rigrun-tui/internal/commands/completion.go:312.2,312.20 1 1
github.com/jeranaias/rigrun-tui/internal/commands/completion.go:316.80,318.2 1 0
github.com/jeranaias/rigrun-tui/internal/commands/completion.go:321.64,323.22 2 1
github.com/jeranaias/rigrun-tui/internal/commands/completion.go:323.22,325.3 1 1
github.com/jeranaias/rigrun-tui/internal/commands/completion.go:325.8,330.3 1 0
github.com/jeranaias/rigrun-tui/internal/commands/completion.go:332.2,332.43 1 1
github.com/jeranaias/rigrun-tui/internal/commands/completion.go:336.65,338.23 2 0
github.com/jeranaias/rigrun-tui/internal/commands/completion.go:338.23,340.3 1 0
github.com/jeranaias/rigrun-tui/internal/commands/completion.go:340.8,346.3 1 0
github.com/jeranaias/rigrun-tui/internal/commands/completion.go:348.2,348.42 1 0
github.com/jeranaias/rigrun-tui/internal/commands/completion.go:352.84,357.31 3 1
github.com/jeranaias/rigrun-tui/internal/commands/completion.go:357.31,358.57 1 1
github.com/jeranaias/rigrun-tui/internal/commands/completion.go:358.57,366.4 2 1
github.com/jeranaias/rigrun-tui/internal/commands/completion.go:369.2,370.20 2 1
github.com/jeranaias/rigrun-tui/internal/commands/completion.go:378.65,381.18 2 1
github.com/jeranaias/rigrun-tui/internal/commands/completion.go:381.18,383.3 1 0
github.com/jeranaias/rigrun-tui/internal/commands/completion.go:386.2,389.42 2 1
github.com/jeranaias/rigrun-tui/internal/commands/completion.go:389.42,396.24 4 1
github.com/jeranaias/rigrun-tui/internal/commands/completion.go:396.24,399.4 2 0
github.com/jeranaias/rigrun-tui/internal/commands/completion.go:400.3,400.15 1 1
github.com/jeranaias/rigrun-tui/internal/commands/completion.go:404.2,418.33 4 1
github.com/jeranaias/rigrun-tui/internal/commands/completion.go:418.33,419.59 1 1
github.com/jeranaias/rigrun-tui/internal/commands/completion.go:419.59,427.4 2 1
github.com/jeranaias/rigrun-tui/internal/commands/completion.go:430.2,431.20 2 1
github.com/jeranaias/rigrun-tui/internal/commands/completion.go:440.48,447.22 4 1
github.com/jeranaias/rigrun-tui/internal/commands/completion.go:447.22,449.3 1 1
github.com/jeranaias/rigrun-tui/internal/commands/completion.go:452.2,452.39 1 1
github.com/jeranaias/rigrun-tui/internal/commands/completion.go:452.39,456.3 2 1
github.com/jeranaias/rigrun-tui/internal/commands/completion.go:459.2,461.14 2 1
github.com/jeranaias/rigrun-tui/internal/commands/completion.go:465.48,466.46 1 1
github.com/jeranaias/rigrun-tui/internal/commands/completion.go:466.46,467.51 1 1
github.com/jeranaias/rigrun-tui/internal/commands/completion.go:467.51,469.4 1 1
github.com/jeranaias/rigrun-tui/internal/commands/completion.go:470.3,470.53 1 1
github.com/jeranaias/rigrun-tui/internal/commands/completion.go:476.44,478.26 2 1
github.com/jeranaias/rigrun-tui/internal/commands/completion.go:478.26,480.3 1 1
github.com/jeranaias/rigrun-tui/internal/commands/completion.go:481.2,481.41 1 1
github.com/jeranaias/rigrun-tui/internal/commands/completion.go:485.40,492.9 2 1
github.com/jeranaias/rigrun-tui/internal/commands/completion.go:493.18,494.49 1 1
github.com/jeranaias/rigrun-tui/internal/commands/completion.go:495.18,496.49 1 1
github.com/jeranaias/rigrun-tui/internal/commands/completion.go:497.18,498.49 1 1
github.com/jeranaias/rigrun-tui/internal/commands/completion.go:499.10,500.36 1 1
github.com/jeranaias/rigrun-tui/internal/commands/completion.go:504.38,507.15 3 1
github.com/jeranaias/rigrun-tui/internal/commands/completion.go:507.15,509.3 1 1
github.com/jeranaias/rigrun-tui/internal/commands/completion.go:510.2,510.57 1 1
github.com/jeranaias/rigrun-tui/internal/commands/completion.go:513.36,514.12 1 1
github.com/jeranaias/rigrun-tui/internal/commands/completion.go:514.12,516.3 1 0
github.com/jeranaias/rigrun-tui/internal/commands/completion.go:518.2,520.14 3 1
github.com/jeranaias/rigrun-tui/internal/commands/completion.go:520.14,522.3 1 0
github.com/jeranaias/rigrun-tui/internal/commands/completion.go:524.2,524.12 1 1
github.com/jeranaias/rigrun-tui/internal/commands/completion.go:524.12,527.3 2 1
github.com/jeranaias/rigrun-tui/internal/commands/completion.go:529.2,529.14 1 1
github.com/jeranaias/rigrun-tui/internal/commands/completion.go:529.14,531.3 1 0
github.com/jeranaias/rigrun-tui/internal/commands/completion.go:532.2,532.23 1 1
github.com/jeranaias/rigrun-tui/internal/commands/completion.go:555.44,559.2 1 1
github.com/jeranaias/rigrun-tui/internal/commands/completion.go:562.75,567.2 4 1
github.com/jeranaias/rigrun-tui/internal/commands/completion.go:570.35,571.30 1 1
github.com/jeranaias/rigrun-tui/internal/commands/completion.go:571.30,573.3 1 0
github.com/jeranaias/rigrun-tui/internal/commands/completion.go:574.2,574.55 1 1
github.com/jeranaias/rigrun-tui/internal/commands/completion.go:578.35,579.30 1 1
github.com/jeranaias/rigrun-tui/internal/commands/completion.go:579.30,581.3 1 0
github.com/jeranaias/rigrun-tui/internal/commands/completion.go:582.2,583.21 2 1
github.com/jeranaias/rigrun-tui/internal/commands/completion.go:583.21,585.3 1 1
github.com/jeranaias/rigrun-tui/internal/commands/completion.go:589.44,590.59 1 1
github.com/jeranaias/rigrun-tui/internal/commands/completion.go:590.59,591.30 1 0
github.com/jeranaias/rigrun-tui/internal/commands/completion.go:591.30,593.4 1 0
github.com/jeranaias/rigrun-tui/internal/commands/completion.go:594.3,594.12 1 0
github.com/jeranaias/rigrun-tui/internal/commands/completion.go:596.2,596.42 1 1
github.com/jeranaias/rigrun-tui/internal/commands/completion.go:600.36,605.2 4 1
github.com/jeranaias/rigrun-tui/internal/commands/completion.go:608.54,609.59 1 0
github.com/jeranaias/rigrun-tui/internal/commands/completion.go:609.59,611.3 1 0
github.com/jeranaias/rigrun-tui/internal/commands/completion.go:612.2,612.37 1 0
github.com/jeranaias/rigrun-tui/internal/commands/handlers.go:263.38,265.39 1 0
github.com/jeranaias/rigrun-tui/internal/commands/handlers.go:265.39,267.3 1 0
github.com/jeranaias/rigrun-tui/internal/commands/handlers.go:268.2,268.39 1 0
github.com/jeranaias/rigrun-tui/internal/commands/handlers.go:268.39,270.3 1 0
github.com/jeranaias/rigrun-tui/internal/commands/handlers.go:273.2,273.38 1 0
github.com/jeranaias/rigrun-tui/internal/commands/handlers.go:273.38,275.3 1 0
github.com/jeranaias/rigrun-tui/internal/commands/handlers.go:276.2,276.39 1 0
github.com/jeranaias/rigrun-tui/internal/commands/handlers.go:276.39,278.3 1 0
github.com/jeranaias/rigrun-tui/internal/commands/handlers.go:279.2,279.39 1 0
github.com/jeranaias/rigrun-tui/internal/commands/handlers.go:279.39,281.3 1 0
github.com/jeranaias/rigrun-tui/internal/commands/handlers.go:282.2,282.40 1 0
github.com/jeranaias/rigrun-tui/internal/commands/handlers.go:282.40,284.3 1 0
github.com/jeranaias/rigrun-tui/internal/commands/handlers.go:285.2,285.39 1 0
github.com/jeranaias/rigrun-tui/internal/commands/handlers.go:285.39,287.3 1 0
github.com/jeranaias/rigrun-tui/internal/commands/handlers.go:288.2,288.41 1 0
github.com/jeranaias/rigrun-tui/internal/commands/handlers.go:288.41,290.3 1 0
github.com/jeranaias/rigrun-tui/internal/commands/handlers.go:291.2,291.43 1 0
github.com/jeranaias/rigrun-tui/internal/commands/handlers.go:291.43,293.3 1 0
github.com/jeranaias/rigrun-tui/internal/commands/handlers.go:296.2,296.40 1 0
github.com/jeranaias/rigrun-tui/internal/commands/handlers.go:296.40,298.3 1 0
github.com/jeranaias/rigrun-tui/internal/commands/handlers.go:299.2,299.41 1 0
github.com/jeranaias/rigrun-tui/internal/commands/handlers.go:299.41,301.3 1 0
github.com/jeranaias/rigrun-tui/internal/commands/handlers.go:302.2,302.39 1 0
github.com/jeranaias/rigrun-tui/internal/commands/handlers.go:302.39,304.3 1 0
github.com/jeranaias/rigrun-tui/internal/commands/handlers.go:307.2,307.40 1 0
github.com/jeranaias/rigrun-tui/internal/commands/handlers.go:307.40,309.3 1 0
github.com/jeranaias/rigrun-tui/internal/commands/handlers.go:310.2,310.39 1 0
github.com/jeranaias/rigrun-tui/internal/commands/handlers.go:310.39,312.3 1 0
github.com/jeranaias/rigrun-tui/internal/commands/handlers.go:315.2,315.41 1 0
github.com/jeranaias/rigrun-tui/internal/commands/handlers.go:315.41,317.3 1 0
github.com/jeranaias/rigrun-tui/internal/commands/handlers.go:318.2,318.41 1 0
github.com/jeranaias/rigrun-tui/internal/commands/handlers.go:318.41,320.3 1 0
github.com/jeranaias/rigrun-tui/internal/commands/handlers.go:324.54,326.19 2 0
github.com/jeranaias/rigrun-tui/internal/commands/handlers.go:326.19,328.3 1 0
github.com/jeranaias/rigrun-tui/internal/commands/handlers.go:329.2,329.24 1 0
github.com/jeranaias/rigrun-tui/internal/commands/handlers.go:329.24,331.3 1 0
github.com/jeranaias/rigrun-tui/internal/commands/handlers.go:335.54,337.2 1 0
github.com/jeranaias/rigrun-tui/internal/commands/handlers.go:340.53,341.24 1 0
github.com/jeranaias/rigrun-tui/internal/commands/handlers.go:341.24,343.3 1 0
github.com/jeranaias/rigrun-tui/internal/commands/handlers.go:347.54,349.19 2 0
github.com/jeranaias/rigrun-tui/internal/commands/handlers.go:349.19,351.3 1 0
github.com/jeranaias/rigrun-tui/internal/commands/handlers.go:352.2,352.24 1 0
github.com/jeranaias/rigrun-tui/internal/commands/handlers.go:352.24,354.3 1 0
github.com/jeranaias/rigrun-tui/internal/commands/handlers.go:374.54,375.20 1 0
github.com/jeranaias/rigrun-tui/internal/commands/handlers.go:375.20,378.3 1 0
github.com/jeranaias/rigrun-tui/internal/commands/handlers.go:380.2,382.38 2 0
github.com/jeranaias/rigrun-tui/internal/commands/handlers.go:382.38,384.25 2 0
github.com/jeranaias/rigrun-tui/internal/commands/handlers.go:384.25,386.18 2 0
github.com/jeranaias/rigrun-tui/internal/commands/handlers.go:386.18,388.5 1 0
github.com/jeranaias/rigrun-tui/internal/commands/handlers.go:391.4,392.36 2 0
github.com/jeranaias/rigrun-tui/internal/commands/handlers.go:392.36,398.5 1 0
github.com/jeranaias/rigrun-tui/internal/commands/handlers.go:400.4,405.5 1 0
github.com/jeranaias/rigrun-tui/internal/commands/handlers.go:409.2,409.24 1 0
github.com/jeranaias/rigrun-tui/internal/commands/handlers.go:409.24,411.3 1 0
github.com/jeranaias/rigrun-tui/internal/commands/handlers.go:415.55,416.24 1 0
github.com/jeranaias/rigrun-tui/internal/commands/handlers.go:416.24,418.3 1 0
github.com/jeranaias/rigrun-tui/internal/commands/handlers.go:422.54,423.24 1 0
github.com/jeranaias/rigrun-tui/internal/commands/handlers.go:423.24,426.3 1 0
github.com/jeranaias/rigrun-tui/internal/commands/handlers.go:430.56,432.19 2 0
github.com/jeranaias/rigrun-tui/internal/commands/handlers.go:432.19,435.21 2 0
github.com/jeranaias/rigrun-tui/internal/commands/handlers.go:435.21,437.4 1 0
github.com/jeranaias/rigrun-tui/internal/commands/handlers.go:437.9,437.29 1 0
github.com/jeranaias/rigrun-tui/internal/commands/handlers.go:437.29,439.4 1 0
github.com/jeranaias/rigrun-tui/internal/commands/handlers.go:443.2,443.16 1 0
github.com/jeranaias/rigrun-tui/internal/commands/handlers.go:444.34,444.34 0 0
github.com/jeranaias/rigrun-tui/internal/commands/handlers.go:446.10,447.25 1 0
github.com/jeranaias/rigrun-tui/internal/commands/handlers.go:447.25,453.4 1 0
github.com/jeranaias/rigrun-tui/internal/commands/handlers.go:456.2,456.24 1 0
github.com/jeranaias/rigrun-tui/internal/commands/handlers.go:456.24,458.3 1 0
github.com/jeranaias/rigrun-tui/internal/commands/handlers.go:468.58,469.38 1 0
github.com/jeranaias/rigrun-tui/internal/commands/handlers.go:469.38,471.25 2 0
github.com/jeranaias/rigrun-tui/internal/commands/handlers.go:471.25,473.18 2 0
github.com/jeranaias/rigrun-tui/internal/commands/handlers.go:473.18,475.5 1 0
github.com/jeranaias/rigrun-tui/internal/commands/handlers.go:478.4,479.28 2 0
github.com/jeranaias/rigrun-tui/internal/commands/handlers.go:479.28,488.5 1 0
github.com/jeranaias/rigrun-tui/internal/commands/handlers.go:490.4,490.45 1 0
github.com/jeranaias/rigrun-tui/internal/commands/handlers.go:493.2,493.24 1 0
github.com/jeranaias/rigrun-tui/internal/commands/handlers.go:493.24,495.3 1 0
github.com/jeranaias/rigrun-tui/internal/commands/handlers.go:501.55,502.20 1 0
github.com/jeranaias/rigrun-tui/internal/commands/handlers.go:502.20,509.38 4 0
github.com/jeranaias/rigrun-tui/internal/commands/handlers.go:509.38,511.4 1 0
github.com/jeranaias/rigrun-tui/internal/commands/handlers.go:514.3,515.38 2 0
github.com/jeranaias/rigrun-tui/internal/commands/handlers.go:515.38,517.46 2 0
github.com/jeranaias/rigrun-tui/internal/commands/handlers.go:517.46,518.34 1 0
github.com/jeranaias/rigrun-tui/internal/commands/handlers.go:518.34,520.6 1 0
github.com/jeranaias/rigrun-tui/internal/commands/handlers.go:523.4,523.32 1 0
github.com/jeranaias/rigrun-tui/internal/commands/handlers.go:523.32,524.13 1 0
github.com/jeranaias/rigrun-tui/internal/commands/handlers.go:527.4,528.45 2 0
github.com/jeranaias/rigrun-tui/internal/commands/handlers.go:528.45,533.48 3 0
github.com/jeranaias/rigrun-tui/internal/commands/handlers.go:533.48,535.6 1 0
github.com/jeranaias/rigrun-tui/internal/commands/handlers.go:536.5,541.7 1 0
github.com/jeranaias/rigrun-tui/internal/commands/handlers.go:543.4,543.24 1 0
github.com/jeranaias/rigrun-tui/internal/commands/handlers.go:546.3,548.25 2 0
github.com/jeranaias/rigrun-tui/internal/commands/handlers.go:548.25,550.4 1 0
github.com/jeranaias/rigrun-tui/internal/commands/handlers.go:554.2,558.51 3 0
github.com/jeranaias/rigrun-tui/internal/commands/handlers.go:558.51,560.38 1 0
github.com/jeranaias/rigrun-tui/internal/commands/handlers.go:560.38,562.25 2 0
github.com/jeranaias/rigrun-tui/internal/commands/handlers.go:562.25,565.5 2 0
github.com/jeranaias/rigrun-tui/internal/commands/handlers.go:567.3,569.22 2 0
github.com/jeranaias/rigrun-tui/internal/commands/handlers.go:570.8,572.38 1 0
github.com/jeranaias/rigrun-tui/internal/commands/handlers.go:572.38,574.25 2 0
github.com/jeranaias/rigrun-tui/internal/commands/handlers.go:574.25,577.5 2 0
github.com/jeranaias/rigrun-tui/internal/commands/handlers.go:579.3,579.59 1 0
github.com/jeranaias/rigrun-tui/internal/commands/handlers.go:582.2,582.24 1 0
github.com/jeranaias/rigrun-tui/internal/commands/handlers.go:582.24,584.3 1 0
github.com/jeranaias/rigrun-tui/internal/commands/handlers.go:589.56,591.24 2 0
github.com/jeranaias/rigrun-tui/internal/commands/handlers.go:591.24,598.65 5 0
github.com/jeranaias/rigrun-tui/internal/commands/handlers.go:598.65,600.28 2 0
github.com/jeranaias/rigrun-tui/internal/commands/handlers.go:600.28,601.13 1 0
github.com/jeranaias/rigrun-tui/internal/commands/handlers.go:604.4,604.36 1 0
github.com/jeranaias/rigrun-tui/internal/commands/handlers.go:604.36,605.33 1 0
github.com/jeranaias/rigrun-tui/internal/commands/handlers.go:605.33,606.14 1 0
github.com/jeranaias/rigrun-tui/internal/commands/handlers.go:608.5,613.7 1 0
github.com/jeranaias/rigrun-tui/internal/commands/handlers.go:616.3,619.26 2 0
github.com/jeranaias/rigrun-tui/internal/commands/handlers.go:619.26,624.37 4 0
github.com/jeranaias/rigrun-tui/internal/commands/handlers.go:624.37,626.30 2 0
github.com/jeranaias/rigrun-tui/internal/commands/handlers.go:626.30,628.52 1 0
github.com/jeranaias/rigrun-tui/internal/commands/handlers.go:628.52,631.7 1 0
github.com/jeranaias/rigrun-tui/internal/commands/handlers.go:631.12,633.7 1 0
github.com/jeranaias/rigrun-tui/internal/commands/handlers.go:635.5,635.25 1 0
github.com/jeranaias/rigrun-tui/internal/commands/handlers.go:636.10,636.25 1 0
github.com/jeranaias/rigrun-tui/internal/commands/handlers.go:636.25,638.5 1 0
github.com/jeranaias/rigrun-tui/internal/commands/handlers.go:641.3,644.48 3 0
github.com/jeranaias/rigrun-tui/internal/commands/handlers.go:649.54,650.20 1 0
github.com/jeranaias/rigrun-tui/internal/commands/handlers.go:650.20,652.38 1 0
github.com/jeranaias/rigrun-tui/internal/commands/handlers.go:652.38,654.26 2 0
github.com/jeranaias/rigrun-tui/internal/commands/handlers.go:654.26,656.5 1 0
github.com/jeranaias/rigrun-tui/internal/commands/handlers.go:658.3,658.25 1 0
github.com/jeranaias/rigrun-tui/internal/commands/handlers.go:658.25,664.4 1 0
github.com/jeranaias/rigrun-tui/internal/commands/handlers.go:667.2,668.14 2 0
github.com/jeranaias/rigrun-tui/internal/commands/handlers.go:669.34,671.38 1 0
github.com/jeranaias/rigrun-tui/internal/commands/handlers.go:671.38,673.4 1 0
github.com/jeranaias/rigrun-tui/internal/commands/handlers.go:674.3,674.25 1 0
github.com/jeranaias/rigrun-tui/internal/commands/handlers.go:674.25,676.4 1 0
github.com/jeranaias/rigrun-tui/internal/commands/handlers.go:677.10,678.25 1 0
github.com/jeranaias/rigrun-tui/internal/commands/handlers.go:678.25,684.4 1 0
github.com/jeranaias/rigrun-tui/internal/commands/handlers.go:689.55,690.24 1 0
github.com/jeranaias/rigrun-tui/internal/commands/handlers.go:690.24,692.3 1 0
github.com/jeranaias/rigrun-tui/internal/commands/handlers.go:696.54,697.20 1 0
github.com/jeranaias/rigrun-tui/internal/commands/handlers.go:697.20,698.25 1 0
github.com/jeranaias/rigrun-tui/internal/commands/handlers.go:698.25,704.4 1 0
github.com/jeranaias/rigrun-tui/internal/commands/handlers.go:707.2,709.19 3 0
github.com/jeranaias/rigrun-tui/internal/commands/handlers.go:709.19,710.35 1 0
github.com/jeranaias/rigrun-tui/internal/commands/handlers.go:711.39,712.17 1 0
github.com/jeranaias/rigrun-tui/internal/commands/handlers.go:716.2,716.24 1 0
github.com/jeranaias/rigrun-tui/internal/commands/handlers.go:716.24,718.3 1 0
github.com/jeranaias/rigrun-tui/internal/commands/handlers.go:722.56,724.20 1 0
github.com/jeranaias/rigrun-tui/internal/commands/handlers.go:724.20,725.25 1 0
github.com/jeranaias/rigrun-tui/internal/commands/handlers.go:725.25,727.4 1 0
github.com/jeranaias/rigrun-tui/internal/commands/handlers.go:730.2,733.20 2 0
github.com/jeranaias/rigrun-tui/internal/commands/handlers.go:733.20,734.20 1 0
github.com/jeranaias/rigrun-tui/internal/commands/handlers.go:734.20,735.36 1 0
github.com/jeranaias/rigrun-tui/internal/commands/handlers.go:736.17,737.39 1 0
github.com/jeranaias/rigrun-tui/internal/commands/handlers.go:737.39,739.6 1 0
github.com/jeranaias/rigrun-tui/internal/commands/handlers.go:740.5,740.27 1 0
github.com/jeranaias/rigrun-tui/internal/commands/handlers.go:740.27,742.6 1 0
github.com/jeranaias/rigrun-tui/internal/commands/handlers.go:743.37,744.39 1 0
github.com/jeranaias/rigrun-tui/internal/commands/handlers.go:744.39,746.6 1 0
github.com/jeranaias/rigrun-tui/internal/commands/handlers.go:747.5,747.27 1 0
github.com/jeranaias/rigrun-tui/internal/commands/handlers.go:747.27,749.6 1 0
github.com/jeranaias/rigrun-tui/internal/commands/handlers.go:750.40,751.39 1 0
github.com/jeranaias/rigrun-tui/internal/commands/handlers.go:751.39,753.6 1 0
github.com/jeranaias/rigrun-tui/internal/commands/handlers.go:754.5,754.27 1 0
github.com/jeranaias/rigrun-tui/internal/commands/handlers.go:754.27,756.6 1 0
github.com/jeranaias/rigrun-tui/internal/commands/handlers.go:757.27,758.39 1 0
github.com/jeranaias/rigrun-tui/internal/commands/handlers.go:758.39,760.28 2 0
github.com/jeranaias/rigrun-tui/internal/commands/handlers.go:760.28,771.7 1 0
github.com/jeranaias/rigrun-tui/internal/commands/handlers.go:773.5,773.27 1 0
github.com/jeranaias/rigrun-tui/internal/commands/handlers.go:773.27,775.6 1 0
github.com/jeranaias/rigrun-tui/internal/commands/handlers.go:779.3,779.37 1 0
github.com/jeranaias/rigrun-tui/internal/commands/handlers.go:779.37,781.26 2 0
github.com/jeranaias/rigrun-tui/internal/commands/handlers.go:781.26,792.5 1 0
github.com/jeranaias/rigrun-tui/internal/commands/handlers.go:794.3,794.25 1 0
github.com/jeranaias/rigrun-tui/internal/commands/handlers.go:794.25,796.4 1 0
github.com/jeranaias/rigrun-tui/internal/commands/handlers.go:800.2,800.20 1 0
github.com/jeranaias/rigrun-tui/internal/commands/handlers.go:800.20,801.38 1 0
github.com/jeranaias/rigrun-tui/internal/commands/handlers.go:801.38,803.18 2 0
github.com/jeranaias/rigrun-tui/internal/commands/handlers.go:803.18,804.27 1 0
github.com/jeranaias/rigrun-tui/internal/commands/handlers.go:804.27,810.6 1 0
github.com/jeranaias/rigrun-tui/internal/commands/handlers.go:812.4,812.26 1 0
github.com/jeranaias/rigrun-tui/internal/commands/handlers.go:812.26,814.5 1 0
github.com/jeranaias/rigrun-tui/internal/commands/handlers.go:816.3,816.25 1 0
github.com/jeranaias/rigrun-tui/internal/commands/handlers.go:816.25,818.4 1 0
github.com/jeranaias/rigrun-tui/internal/commands/handlers.go:822.2,823.37 2 0
github.com/jeranaias/rigrun-tui/internal/commands/handlers.go:823.37,825.52 2 0
github.com/jeranaias/rigrun-tui/internal/commands/handlers.go:825.52,826.26 1 0
github.com/jeranaias/rigrun-tui/internal/commands/handlers.go:826.26,828.5 1 0
github.com/jeranaias/rigrun-tui/internal/commands/handlers.go:830.3,831.25 2 0
github.com/jeranaias/rigrun-tui/internal/commands/handlers.go:831.25,833.4 1 0
github.com/jeranaias/rigrun-tui/internal/commands/handlers.go:835.2,835.24 1 0
github.com/jeranaias/rigrun-tui/internal/commands/handlers.go:835.24,837.3 1 0
github.com/jeranaias/rigrun-tui/internal/commands/handlers.go:853.56,854.16 1 0
github.com/jeranaias/rigrun-tui/internal/commands/handlers.go:854.16,855.25 1 0
github.com/jeranaias/rigrun-tui/internal/commands/handlers.go:855.25,857.4 1 0
github.com/jeranaias/rigrun-tui/internal/commands/handlers.go:861.2,861.24 1 0
github.com/jeranaias/rigrun-tui/internal/commands/handlers.go:861.24,865.24 2 0
github.com/jeranaias/rigrun-tui/internal/commands/handlers.go:865.24,871.58 4 0
github.com/jeranaias/rigrun-tui/internal/commands/handlers.go:871.58,873.5 1 0
github.com/jeranaias/rigrun-tui/internal/commands/handlers.go:873.10,875.5 1 0
github.com/jeranaias/rigrun-tui/internal/commands/handlers.go:879.3,879.24 1 0
github.com/jeranaias/rigrun-tui/internal/commands/handlers.go:879.24,881.4 1 0
github.com/jeranaias/rigrun-tui/internal/commands/handlers.go:884.3,884.25 1 0
github.com/jeranaias/rigrun-tui/internal/commands/handlers.go:884.25,889.4 4 0
github.com/jeranaias/rigrun-tui/internal/commands/handlers.go:892.3,892.23 1 0
github.com/jeranaias/rigrun-tui/internal/commands/handlers.go:892.23,895.4 2 0
github.com/jeranaias/rigrun-tui/internal/commands/handlers.go:897.3,897.14 1 0
github.com/jeranaias/rigrun-tui/internal/commands/handlers.go:902.45,903.21 1 0
github.com/jeranaias/rigrun-tui/internal/commands/handlers.go:903.21,905.3 1 0
github.com/jeranaias/rigrun-tui/internal/commands/handlers.go:906.2,906.19 1 0
github.com/jeranaias/rigrun-tui/internal/commands/handlers.go:906.19,908.3 1 0
github.com/jeranaias/rigrun-tui/internal/commands/handlers.go:909.2,909.68 1 0
github.com/jeranaias/rigrun-tui/internal/commands/handlers.go:913.55,914.20 1 0
github.com/jeranaias/rigrun-tui/internal/commands/handlers.go:914.20,916.38 1 0
github.com/jeranaias/rigrun-tui/internal/commands/handlers.go:916.38,917.26 1 0
github.com/jeranaias/rigrun-tui/internal/commands/handlers.go:917.26,919.5 1 0
github.com/jeranaias/rigrun-tui/internal/commands/handlers.go:921.3,921.25 1 0
github.com/jeranaias/rigrun-tui/internal/commands/handlers.go:921.25,923.4 1 0
github.com/jeranaias/rigrun-tui/internal/commands/handlers.go:926.2,927.15 2 0
github.com/jeranaias/rigrun-tui/internal/commands/handlers.go:928.31,929.38 1 0
github.com/jeranaias/rigrun-tui/internal/commands/handlers.go:929.38,931.4 1 0
github.com/jeranaias/rigrun-tui/internal/commands/handlers.go:932.3,932.25 1 0
github.com/jeranaias/rigrun-tui/internal/commands/handlers.go:932.25,934.4 1 0
github.com/jeranaias/rigrun-tui/internal/commands/handlers.go:935.10,936.25 1 0
github.com/jeranaias/rigrun-tui/internal/commands/handlers.go:936.25,942.4 1 0
github.com/jeranaias/rigrun-tui/internal/commands/handlers.go:952.56,956.16 2 0
github.com/jeranaias/rigrun-tui/internal/commands/handlers.go:956.16,958.3 1 0
github.com/jeranaias/rigrun-tui/internal/commands/handlers.go:961.2,961.21 1 0
github.com/jeranaias/rigrun-tui/internal/commands/handlers.go:961.21,963.3 1 0
github.com/jeranaias/rigrun-tui/internal/commands/handlers.go:966.2,973.44 2 0
github.com/jeranaias/rigrun-tui/internal/commands/handlers.go:973.44,975.3 1 0
github.com/jeranaias/rigrun-tui/internal/commands/handlers.go:978.2,978.28 1 0
github.com/jeranaias/rigrun-tui/internal/commands/handlers.go:982.33,1011.2 22 0
github.com/jeranaias/rigrun-tui/internal/commands/handlers.go:1014.64,1019.27 4 0
github.com/jeranaias/rigrun-tui/internal/commands/handlers.go:1019.27,1021.3 1 0
github.com/jeranaias/rigrun-tui/internal/commands/handlers.go:1023.2,1026.27 3 0
github.com/jeranaias/rigrun-tui/internal/commands/handlers.go:1026.27,1027.17 1 0
github.com/jeranaias/rigrun-tui/internal/commands/handlers.go:1027.17,1028.12 1 0
github.com/jeranaias/rigrun-tui/internal/commands/handlers.go:1032.3,1033.27 2 0
github.com/jeranaias/rigrun-tui/internal/commands/handlers.go:1033.27,1035.4 1 0
github.com/jeranaias/rigrun-tui/internal/commands/handlers.go:1038.3,1038.22 1 0
github.com/jeranaias/rigrun-tui/internal/commands/handlers.go:1038.22,1040.4 1 0
github.com/jeranaias/rigrun-tui/internal/commands/handlers.go:1042.3,1046.22 3 0
github.com/jeranaias/rigrun-tui/internal/commands/handlers.go:1046.22,1048.4 1 0
github.com/jeranaias/rigrun-tui/internal/commands/handlers.go:1051.2,1054.18 2 0
github.com/jeranaias/rigrun-tui/internal/commands/handlers.go:1055.20,1058.62 3 0
github.com/jeranaias/rigrun-tui/internal/commands/handlers.go:1059.22,1063.68 4 0
github.com/jeranaias/rigrun-tui/internal/commands/handlers.go:1064.15,1068.71 4 0
github.com/jeranaias/rigrun-tui/internal/commands/handlers.go:1069.15,1072.56 3 0
github.com/jeranaias/rigrun-tui/internal/commands/handlers.go:1073.18,1077.73 4 0
github.com/jeranaias/rigrun-tui/internal/commands/handlers.go:1080.2,1082.20 2 0
github.com/jeranaias/rigrun-tui/internal/commands/handlers.go:1086.43,1095.41 6 0
github.com/jeranaias/rigrun-tui/internal/commands/handlers.go:1095.41,1097.28 2 0
github.com/jeranaias/rigrun-tui/internal/commands/handlers.go:1097.28,1098.12 1 0
github.com/jeranaias/rigrun-tui/internal/commands/handlers.go:1101.3,1104.28 3 0
github.com/jeranaias/rigrun-tui/internal/commands/handlers.go:1104.28,1105.18 1 0
github.com/jeranaias/rigrun-tui/internal/commands/handlers.go:1105.18,1106.13 1 0
github.com/jeranaias/rigrun-tui/internal/commands/handlers.go:1110.4,1111.28 2 0
github.com/jeranaias/rigrun-tui/internal/commands/handlers.go:1111.28,1113.5 1 0
github.com/jeranaias/rigrun-tui/internal/commands/handlers.go:1116.4,1116.23 1 0
github.com/jeranaias/rigrun-tui/internal/commands/handlers.go:1116.23,1118.5 1 0
github.com/jeranaias/rigrun-tui/internal/commands/handlers.go:1120.4,1124.23 3 0
github.com/jeranaias/rigrun-tui/internal/commands/handlers.go:1124.23,1126.5 1 0
github.com/jeranaias/rigrun-tui/internal/commands/handlers.go:1129.3,1129.23 1 0
github.com/jeranaias/rigrun-tui/internal/commands/handlers.go:1132.2,1152.20 18 0
github.com/jeranaias/rigrun-tui/internal/commands/handlers.go:1156.58,1157.24 1 0
github.com/jeranaias/rigrun-tui/internal/commands/handlers.go:1157.24,1159.3 1 0
github.com/jeranaias/rigrun-tui/internal/commands/handlers.go:1163.54,1164.20 1 0
github.com/jeranaias/rigrun-tui/internal/commands/handlers.go:1164.20,1165.25 1 0
github.com/jeranaias/rigrun-tui/internal/commands/handlers.go:1165.25,1171.4 1 0
github.com/jeranaias/rigrun-tui/internal/commands/handlers.go:1175.2,1179.31 3 0
github.com/jeranaias/rigrun-tui/internal/commands/handlers.go:1179.31,1180.25 1 0
github.com/jeranaias/rigrun-tui/internal/commands/handlers.go:1180.25,1186.4 1 0
github.com/jeranaias/rigrun-tui/internal/commands/handlers.go:1190.2,1190.35 1 0
github.com/jeranaias/rigrun-tui/internal/commands/handlers.go:1190.35,1191.25 1 0
github.com/jeranaias/rigrun-tui/internal/commands/handlers.go:1191.25,1197.4 1 0
github.com/jeranaias/rigrun-tui/internal/commands/handlers.go:1200.2,1200.24 1 0
github.com/jeranaias/rigrun-tui/internal/commands/handlers.go:1200.24,1202.3 1 0
github.com/jeranaias/rigrun-tui/internal/commands/handlers.go:1206.54,1215.31 6 0
github.com/jeranaias/rigrun-tui/internal/commands/handlers.go:1215.31,1217.3 1 0
github.com/jeranaias/rigrun-tui/internal/commands/handlers.go:1219.2,1222.20 3 0
github.com/jeranaias/rigrun-tui/internal/commands/index_cmd.go:36.55,38.30 1 0
github.com/jeranaias/rigrun-tui/internal/commands/index_cmd.go:38.30,39.25 1 0
github.com/jeranaias/rigrun-tui/internal/commands/index_cmd.go:39.25,44.4 1 0
github.com/jeranaias/rigrun-tui/internal/commands/index_cmd.go:48.2,49.22 2 0
github.com/jeranaias/rigrun-tui/internal/commands/index_cmd.go:49.22,50.25 1 0
github.com/jeranaias/rigrun-tui/internal/commands/index_cmd.go:50.25,55.4 1 0
github.com/jeranaias/rigrun-tui/internal/commands/index_cmd.go:59.2,59.24 1 0
github.com/jeranaias/rigrun-tui/internal/commands/index_cmd.go:59.24,70.17 6 0
github.com/jeranaias/rigrun-tui/internal/commands/index_cmd.go:70.17,76.4 1 0
github.com/jeranaias/rigrun-tui/internal/commands/index_cmd.go:79.3,86.4 2 0
github.com/jeranaias/rigrun-tui/internal/commands/index_cmd.go:130.56,131.20 1 0
github.com/jeranaias/rigrun-tui/internal/commands/index_cmd.go:131.20,132.25 1 0
github.com/jeranaias/rigrun-tui/internal/commands/index_cmd.go:132.25,137.4 1 0
github.com/jeranaias/rigrun-tui/internal/commands/index_cmd.go:140.2,143.64 2 0
github.com/jeranaias/rigrun-tui/internal/commands/index_cmd.go:143.64,144.25 1 0
github.com/jeranaias/rigrun-tui/internal/commands/index_cmd.go:144.25,149.4 1 0
github.com/jeranaias/rigrun-tui/internal/commands/index_cmd.go:153.2,153.24 1 0
github.com/jeranaias/rigrun-tui/internal/commands/index_cmd.go:153.24,160.3 1 0
github.com/jeranaias/rigrun-tui/internal/commands/parser.go:47.44,49.2 1 1
github.com/jeranaias/rigrun-tui/internal/commands/parser.go:53.50,61.36 3 1
github.com/jeranaias/rigrun-tui/internal/commands/parser.go:61.36,64.3 2 1
github.com/jeranaias/rigrun-tui/internal/commands/parser.go:66.2,70.21 3 1
github.com/jeranaias/rigrun-tui/internal/commands/parser.go:70.21,72.3 1 0
github.com/jeranaias/rigrun-tui/internal/commands/parser.go:74.2,75.20 2 1
github.com/jeranaias/rigrun-tui/internal/commands/parser.go:75.20,79.15 3 1
github.com/jeranaias/rigrun-tui/internal/commands/parser.go:79.15,82.4 2 1
github.com/jeranaias/rigrun-tui/internal/commands/parser.go:86.2,88.15 2 1
github.com/jeranaias/rigrun-tui/internal/commands/parser.go:93.39,95.2 1 1
github.com/jeranaias/rigrun-tui/internal/commands/parser.go:103.46,108.34 4 1
github.com/jeranaias/rigrun-tui/internal/commands/parser.go:108.34,111.10 2 1
github.com/jeranaias/rigrun-tui/internal/commands/parser.go:112.39,114.34 1 1
github.com/jeranaias/rigrun-tui/internal/commands/parser.go:117.38,119.34 1 1
github.com/jeranaias/rigrun-tui/internal/commands/parser.go:122.77,125.51 2 0
github.com/jeranaias/rigrun-tui/internal/commands/parser.go:125.51,128.5 2 0
github.com/jeranaias/rigrun-tui/internal/commands/parser.go:128.10,130.5 1 0
github.com/jeranaias/rigrun-tui/internal/commands/parser.go:132.66,134.25 1 1
github.com/jeranaias/rigrun-tui/internal/commands/parser.go:134.25,137.5 2 1
github.com/jeranaias/rigrun-tui/internal/commands/parser.go:139.11,141.27 1 1
github.com/jeranaias/rigrun-tui/internal/commands/parser.go:146.2,146.23 1 1
github.com/jeranaias/rigrun-tui/internal/commands/parser.go:146.23,148.3 1 1
github.com/jeranaias/rigrun-tui/internal/commands/parser.go:150.2,150.15 1 1
github.com/jeranaias/rigrun-tui/internal/commands/parser.go:158.35,160.2 1 1
github.com/jeranaias/rigrun-tui/internal/commands/parser.go:164.46,166.36 2 1
github.com/jeranaias/rigrun-tui/internal/commands/parser.go:166.36,168.3 1 1
github.com/jeranaias/rigrun-tui/internal/commands/parser.go:171.2,172.15 2 1
github.com/jeranaias/rigrun-tui/internal/commands/parser.go:172.15,174.3 1 1
github.com/jeranaias/rigrun-tui/internal/commands/parser.go:175.2,175.20 1 1
github.com/jeranaias/rigrun-tui/internal/commands/parser.go:180.45,181.36 1 1
github.com/jeranaias/rigrun-tui/internal/commands/parser.go:181.36,183.3 1 1
github.com/jeranaias/rigrun-tui/internal/commands/parser.go:186.2,187.15 2 1
github.com/jeranaias/rigrun-tui/internal/commands/parser.go:187.15,190.3 1 1
github.com/jeranaias/rigrun-tui/internal/commands/parser.go:193.2,193.11 1 1
github.com/jeranaias/rigrun-tui/internal/commands/parser.go:198.48,200.21 2 1
github.com/jeranaias/rigrun-tui/internal/commands/parser.go:200.21,202.3 1 1
github.com/jeranaias/rigrun-tui/internal/commands/parser.go:205.2,206.108 2 1
github.com/jeranaias/rigrun-tui/internal/commands/parser.go:206.108,209.3 1 0
github.com/jeranaias/rigrun-tui/internal/commands/parser.go:212.2,212.44 1 1
github.com/jeranaias/rigrun-tui/internal/commands/parser.go:216.54,217.16 1 1
github.com/jeranaias/rigrun-tui/internal/commands/parser.go:217.16,219.3 1 1
github.com/jeranaias/rigrun-tui/internal/commands/parser.go:222.2,222.34 1 1
github.com/jeranaias/rigrun-tui/internal/commands/parser.go:222.34,223.40 1 1
github.com/jeranaias/rigrun-tui/internal/commands/parser.go:223.40,230.4 1 1
github.com/jeranaias/rigrun-tui/internal/commands/parser.go:233.3,233.76 1 1
github.com/jeranaias/rigrun-tui/internal/commands/parser.go:233.76,235.36 2 1
github.com/jeranaias/rigrun-tui/internal/commands/parser.go:235.36,236.38 1 1
github.com/jeranaias/rigrun-tui/internal/commands/parser.go:236.38,238.11 2 1
github.com/jeranaias/rigrun-tui/internal/commands/parser.go:241.4,241.14 1 1
github.com/jeranaias/rigrun-tui/internal/commands/parser.go:241.14,249.5 1 1
github.com/jeranaias/rigrun-tui/internal/commands/parser.go:253.2,253.12 1 1
github.com/jeranaias/rigrun-tui/internal/commands/parser.go:269.42,271.17 2 1
github.com/jeranaias/rigrun-tui/internal/commands/parser.go:271.17,273.3 1 1
github.com/jeranaias/rigrun-tui/internal/commands/parser.go:274.2,274.17 1 1
github.com/jeranaias/rigrun-tui/internal/commands/parser.go:274.17,276.3 1 1
github.com/jeranaias/rigrun-tui/internal/commands/parser.go:277.2,277.22 1 1
github.com/jeranaias/rigrun-tui/internal/commands/parser.go:277.22,279.3 1 1
github.com/jeranaias/rigrun-tui/internal/commands/parser.go:280.2,280.12 1 1
github.com/jeranaias/rigrun-tui/internal/commands/registry.go:91.30,98.2 3 1
github.com/jeranaias/rigrun-tui/internal/commands/registry.go:101.43,103.36 2 1
github.com/jeranaias/rigrun-tui/internal/commands/registry.go:103.36,105.3 1 1
github.com/jeranaias/rigrun-tui/internal/commands/registry.go:109.46,110.37 1 1
github.com/jeranaias/rigrun-tui/internal/commands/registry.go:110.37,112.3 1 1
github.com/jeranaias/rigrun-tui/internal/commands/registry.go:113.2,113.36 1 1
github.com/jeranaias/rigrun-tui/internal/commands/registry.go:113.36,115.3 1 1
github.com/jeranaias/rigrun-tui/internal/commands/registry.go:116.2,116.12 1 1
github.com/jeranaias/rigrun-tui/internal/commands/registry.go:120.37,122.33 2 1
github.com/jeranaias/rigrun-tui/internal/commands/registry.go:122.33,124.3 1 1
github.com/jeranaias/rigrun-tui/internal/commands/registry.go:125.2,125.13 1 1
github.com/jeranaias/rigrun-tui/internal/commands/registry.go:129.55,131.33 2 1
github.com/jeranaias/rigrun-tui/internal/commands/registry.go:131.33,132.17 1 1
github.com/jeranaias/rigrun-tui/internal/commands/registry.go:132.17,133.12 1 1
github.com/jeranaias/rigrun-tui/internal/commands/registry.go:135.3,136.21 2 1
github.com/jeranaias/rigrun-tui/internal/commands/registry.go:136.21,138.4 1 0
github.com/jeranaias/rigrun-tui/internal/commands/registry.go:139.3,139.51 1 1
github.com/jeranaias/rigrun-tui/internal/commands/registry.go:141.2,141.15 1 1
github.com/jeranaias/rigrun-tui/internal/commands/registry.go:148.39,359.2 20 1
github.com/jeranaias/rigrun-tui/internal/commands/registry.go:365.54,367.2 1 0
github.com/jeranaias/rigrun-tui/internal/commands/registry.go:369.54,371.2 1 0
github.com/jeranaias/rigrun-tui/internal/commands/registry.go:373.53,375.2 1 0
github.com/jeranaias/rigrun-tui/internal/commands/registry.go:377.54,379.2 1 0
github.com/jeranaias/rigrun-tui/internal/commands/registry.go:381.54,383.2 1 0
github.com/jeranaias/rigrun-tui/internal/commands/registry.go:385.55,387.2 1 0
github.com/jeranaias/rigrun-tui/internal/commands/registry.go:389.54,391.2 1 0
github.com/jeranaias/rigrun-tui/internal/commands/registry.go:393.56,395.2 1 0
github.com/jeranaias/rigrun-tui/internal/commands/registry.go:397.58,399.2 1 0
github.com/jeranaias/rigrun-tui/internal/commands/registry.go:401.55,403.2 1 0
github.com/jeranaias/rigrun-tui/internal/commands/registry.go:405.56,407.2 1 0
github.com/jeranaias/rigrun-tui/internal/commands/registry.go:409.54,411.2 1 0
github.com/jeranaias/rigrun-tui/internal/commands/registry.go:413.55,415.2 1 0
github.com/jeranaias/rigrun-tui/internal/commands/registry.go:417.54,419.2 1 0
github.com/jeranaias/rigrun-tui/internal/commands/registry.go:421.56,423.2 1 0
github.com/jeranaias/rigrun-tui/internal/commands/registry.go:425.56,427.2 1 0
github.com/jeranaias/rigrun-tui/internal/commands/registry.go:429.55,431.2 1 0
github.com/jeranaias/rigrun-tui/internal/commands/registry.go:433.58,435.2 1 0
github.com/jeranaias/rigrun-tui/internal/commands/registry.go:437.54,439.2 1 0
github.com/jeranaias/rigrun-tui/internal/commands/registry.go:441.59,443.2 1 0
github.com/jeranaias/rigrun-tui/internal/commands/registry.go:488.166,496.2 1 1
github.com/jeranaias/rigrun-tui/internal/commands/registry.go:499.69,502.2 2 1
github.com/jeranaias/rigrun-tui/internal/commands/registry.go:505.36,506.22 1 1
github.com/jeranaias/rigrun-tui/internal/commands/registry.go:506.22,508.3 1 0
github.com/jeranaias/rigrun-tui/internal/commands/registry.go:512.31,513.22 1 1
github.com/jeranaias/rigrun-tui/internal/commands/registry.go:513.22,515.3 1 0
github.com/jeranaias/rigrun-tui/internal/ui/chat/cancel.go:27.40,29.2 1 0
github.com/jeranaias/rigrun-tui/internal/ui/chat/cancel.go:32.63,36.2 3 0
github.com/jeranaias/rigrun-tui/internal/ui/chat/cancel.go:40.35,43.26 3 0
github.com/jeranaias/rigrun-tui/internal/ui/chat/cancel.go:43.26,46.3 2 0
github.com/jeranaias/rigrun-tui/internal/ui/chat/cancel.go:52.34,55.26 3 0
github.com/jeranaias/rigrun-tui/internal/ui/chat/cancel.go:55.26,58.3 2 0
github.com/jeranaias/rigrun-tui/internal/ui/chat/cancel.go:66.54,68.2 1 0
github.com/jeranaias/rigrun-tui/internal/ui/chat/cancel.go:71.26,73.2 1 0
github.com/jeranaias/rigrun-tui/internal/ui/chat/cancel.go:77.35,79.2 1 0
github.com/jeranaias/rigrun-tui/internal/ui/chat/commands.go:101.67,106.21 3 0
github.com/jeranaias/rigrun-tui/internal/ui/chat/commands.go:106.21,108.3 1 0
github.com/jeranaias/rigrun-tui/internal/ui/chat/commands.go:110.2,115.49 4 0
github.com/jeranaias/rigrun-tui/internal/ui/chat/commands.go:115.49,117.18 1 0
github.com/jeranaias/rigrun-tui/internal/ui/chat/commands.go:118.15,119.49 1 0
github.com/jeranaias/rigrun-tui/internal/ui/chat/commands.go:120.26,121.51 1 0
github.com/jeranaias/rigrun-tui/internal/ui/chat/commands.go:126.2,128.49 3 0
github.com/jeranaias/rigrun-tui/internal/ui/chat/commands.go:128.49,130.3 1 0
github.com/jeranaias/rigrun-tui/internal/ui/chat/commands.go:130.8,136.3 4 0
github.com/jeranaias/rigrun-tui/internal/ui/chat/commands.go:139.2,139.24 1 0
github.com/jeranaias/rigrun-tui/internal/ui/chat/commands.go:139.24,141.3 1 0
github.com/jeranaias/rigrun-tui/internal/ui/chat/commands.go:142.2,142.31 1 0
github.com/jeranaias/rigrun-tui/internal/ui/chat/commands.go:149.70,152.19 2 0
github.com/jeranaias/rigrun-tui/internal/ui/chat/commands.go:152.19,154.3 1 0
github.com/jeranaias/rigrun-tui/internal/ui/chat/commands.go:157.2,165.45 5 0
github.com/jeranaias/rigrun-tui/internal/ui/chat/commands.go:165.45,167.3 1 0
github.com/jeranaias/rigrun-tui/internal/ui/chat/commands.go:169.2,171.15 3 0
github.com/jeranaias/rigrun-tui/internal/ui/chat/commands.go:174.70,176.2 1 0
github.com/jeranaias/rigrun-tui/internal/ui/chat/commands.go:182.71,186.2 3 0
github.com/jeranaias/rigrun-tui/internal/ui/chat/commands.go:188.69,192.2 3 0
github.com/jeranaias/rigrun-tui/internal/ui/chat/commands.go:194.70,196.19 2 0
github.com/jeranaias/rigrun-tui/internal/ui/chat/commands.go:196.19,198.3 1 0
github.com/jeranaias/rigrun-tui/internal/ui/chat/commands.go:199.2,199.27 1 0
github.com/jeranaias/rigrun-tui/internal/ui/chat/commands.go:199.27,201.3 1 0
github.com/jeranaias/rigrun-tui/internal/ui/chat/commands.go:204.70,205.20 1 0
github.com/jeranaias/rigrun-tui/internal/ui/chat/commands.go:205.20,206.28 1 0
github.com/jeranaias/rigrun-tui/internal/ui/chat/commands.go:206.28,208.4 1 0
github.com/jeranaias/rigrun-tui/internal/ui/chat/commands.go:210.2,210.27 1 0
github.com/jeranaias/rigrun-tui/internal/ui/chat/commands.go:210.27,212.3 1 0
github.com/jeranaias/rigrun-tui/internal/ui/chat/commands.go:215.70,216.27 1 0
github.com/jeranaias/rigrun-tui/internal/ui/chat/commands.go:216.27,218.3 1 0
github.com/jeranaias/rigrun-tui/internal/ui/chat/commands.go:221.72,223.19 2 0
github.com/jeranaias/rigrun-tui/internal/ui/chat/commands.go:223.19,226.21 2 0
github.com/jeranaias/rigrun-tui/internal/ui/chat/commands.go:226.21,228.4 1 0
github.com/jeranaias/rigrun-tui/internal/ui/chat/commands.go:228.9,228.29 1 0
github.com/jeranaias/rigrun-tui/internal/ui/chat/commands.go:228.29,230.4 1 0
github.com/jeranaias/rigrun-tui/internal/ui/chat/commands.go:230.9,230.29 1 0
github.com/jeranaias/rigrun-tui/internal/ui/chat/commands.go:230.29,232.4 1 0
github.com/jeranaias/rigrun-tui/internal/ui/chat/commands.go:235.3,235.67 1 0
github.com/jeranaias/rigrun-tui/internal/ui/chat/commands.go:235.67,239.4 3 0
github.com/jeranaias/rigrun-tui/internal/ui/chat/commands.go:241.2,241.27 1 0
github.com/jeranaias/rigrun-tui/internal/ui/chat/commands.go:241.27,243.3 1 0
github.com/jeranaias/rigrun-tui/internal/ui/chat/commands.go:246.73,248.19 2 0
github.com/jeranaias/rigrun-tui/internal/ui/chat/commands.go:248.19,250.17 2 0
github.com/jeranaias/rigrun-tui/internal/ui/chat/commands.go:250.17,254.4 3 0
github.com/jeranaias/rigrun-tui/internal/ui/chat/commands.go:255.3,255.18 1 0
github.com/jeranaias/rigrun-tui/internal/ui/chat/commands.go:255.18,259.4 3 0
github.com/jeranaias/rigrun-tui/internal/ui/chat/commands.go:260.3,260.21 1 0
github.com/jeranaias/rigrun-tui/internal/ui/chat/commands.go:260.21,264.4 3 0
github.com/jeranaias/rigrun-tui/internal/ui/chat/commands.go:265.3,265.13 1 0
github.com/jeranaias/rigrun-tui/internal/ui/chat/commands.go:268.2,271.15 4 0
github.com/jeranaias/rigrun-tui/internal/ui/chat/commands.go:278.71,280.19 2 0
github.com/jeranaias/rigrun-tui/internal/ui/chat/commands.go:280.19,282.17 2 0
github.com/jeranaias/rigrun-tui/internal/ui/chat/commands.go:282.17,286.4 3 0
github.com/jeranaias/rigrun-tui/internal/ui/chat/commands.go:287.3,287.13 1 0
github.com/jeranaias/rigrun-tui/internal/ui/chat/commands.go:287.13,291.4 3 0
github.com/jeranaias/rigrun-tui/internal/ui/chat/commands.go:292.3,292.15 1 0
github.com/jeranaias/rigrun-tui/internal/ui/chat/commands.go:292.15,296.4 3 0
github.com/jeranaias/rigrun-tui/internal/ui/chat/commands.go:297.3,297.12 1 0
github.com/jeranaias/rigrun-tui/internal/ui/chat/commands.go:300.2,303.15 4 0
github.com/jeranaias/rigrun-tui/internal/ui/chat/commands.go:306.74,311.2 4 0
github.com/jeranaias/rigrun-tui/internal/ui/chat/commands.go:313.74,314.20 1 0
github.com/jeranaias/rigrun-tui/internal/ui/chat/commands.go:314.20,317.54 3 0
github.com/jeranaias/rigrun-tui/internal/ui/chat/commands.go:317.54,319.4 1 0
github.com/jeranaias/rigrun-tui/internal/ui/chat/commands.go:320.3,321.42 2 0
github.com/jeranaias/rigrun-tui/internal/ui/chat/commands.go:322.8,325.3 2 0
github.com/jeranaias/rigrun-tui/internal/ui/chat/commands.go:326.2,327.15 2 0
github.com/jeranaias/rigrun-tui/internal/ui/chat/commands.go:330.73,335.2 4 0
github.com/jeranaias/rigrun-tui/internal/ui/chat/commands.go:341.72,343.20 2 0
github.com/jeranaias/rigrun-tui/internal/ui/chat/commands.go:343.20,354.36 10 0
github.com/jeranaias/rigrun-tui/internal/ui/chat/commands.go:354.36,356.4 1 0
github.com/jeranaias/rigrun-tui/internal/ui/chat/commands.go:356.9,358.4 1 0
github.com/jeranaias/rigrun-tui/internal/ui/chat/commands.go:359.3,362.31 4 0
github.com/jeranaias/rigrun-tui/internal/ui/chat/commands.go:362.31,364.4 1 0
github.com/jeranaias/rigrun-tui/internal/ui/chat/commands.go:365.3,365.30 1 0
github.com/jeranaias/rigrun-tui/internal/ui/chat/commands.go:365.30,367.4 1 0
github.com/jeranaias/rigrun-tui/internal/ui/chat/commands.go:368.3,375.16 8 0
github.com/jeranaias/rigrun-tui/internal/ui/chat/commands.go:378.2,380.13 3 0
github.com/jeranaias/rigrun-tui/internal/ui/chat/commands.go:381.15,382.27 1 0
github.com/jeranaias/rigrun-tui/internal/ui/chat/commands.go:383.14,384.34 1 0
github.com/jeranaias/rigrun-tui/internal/ui/chat/commands.go:385.27,386.30 1 0
github.com/jeranaias/rigrun-tui/internal/ui/chat/commands.go:387.18,388.30 1 0
github.com/jeranaias/rigrun-tui/internal/ui/chat/commands.go:389.18,390.47 1 0
github.com/jeranaias/rigrun-tui/internal/ui/chat/commands.go:391.17,392.46 1 0
github.com/jeranaias/rigrun-tui/internal/ui/chat/commands.go:393.17,394.59 1 0
github.com/jeranaias/rigrun-tui/internal/ui/chat/commands.go:395.15,396.48 1 0
github.com/jeranaias/rigrun-tui/internal/ui/chat/commands.go:397.10,400.16 3 0
github.com/jeranaias/rigrun-tui/internal/ui/chat/commands.go:402.2,404.15 3 0
github.com/jeranaias/rigrun-tui/internal/ui/chat/commands.go:407.71,408.20 1 0
github.com/jeranaias/rigrun-tui/internal/ui/chat/commands.go:408.20,412.3 3 0
github.com/jeranaias/rigrun-tui/internal/ui/chat/commands.go:413.2,414.27 2 0
github.com/jeranaias/rigrun-tui/internal/ui/chat/commands.go:414.27,416.3 1 0
github.com/jeranaias/rigrun-tui/internal/ui/chat/commands.go:419.70,420.20 1 0
github.com/jeranaias/rigrun-tui/internal/ui/chat/commands.go:420.20,422.30 2 0
github.com/jeranaias/rigrun-tui/internal/ui/chat/commands.go:422.30,424.4 1 0
github.com/jeranaias/rigrun-tui/internal/ui/chat/commands.go:425.3,426.20 2 0
github.com/jeranaias/rigrun-tui/internal/ui/chat/commands.go:426.20,428.4 1 0
github.com/jeranaias/rigrun-tui/internal/ui/chat/commands.go:429.3,431.16 3 0
github.com/jeranaias/rigrun-tui/internal/ui/chat/commands.go:434.2,435.14 2 0
github.com/jeranaias/rigrun-tui/internal/ui/chat/commands.go:436.15,441.16 5 0
github.com/jeranaias/rigrun-tui/internal/ui/chat/commands.go:443.24,444.20 1 0
github.com/jeranaias/rigrun-tui/internal/ui/chat/commands.go:444.20,448.4 3 0
github.com/jeranaias/rigrun-tui/internal/ui/chat/commands.go:449.3,453.16 5 0
github.com/jeranaias/rigrun-tui/internal/ui/chat/commands.go:455.15,456.20 1 0
github.com/jeranaias/rigrun-tui/internal/ui/chat/commands.go:456.20,460.4 3 0
github.com/jeranaias/rigrun-tui/internal/ui/chat/commands.go:461.3,465.16 5 0
github.com/jeranaias/rigrun-tui/internal/ui/chat/commands.go:467.10,470.16 3 0
github.com/jeranaias/rigrun-tui/internal/ui/chat/commands.go:478.71,479.41 1 0
github.com/jeranaias/rigrun-tui/internal/ui/chat/commands.go:479.41,484.33 4 0
github.com/jeranaias/rigrun-tui/internal/ui/chat/commands.go:484.33,487.16 3 0
github.com/jeranaias/rigrun-tui/internal/ui/chat/commands.go:488.11,489.24 1 0
github.com/jeranaias/rigrun-tui/internal/ui/chat/commands.go:490.11,491.25 1 0
github.com/jeranaias/rigrun-tui/internal/ui/chat/commands.go:493.4,494.77 1 0
github.com/jeranaias/rigrun-tui/internal/ui/chat/commands.go:496.3,498.16 3 0
github.com/jeranaias/rigrun-tui/internal/ui/chat/commands.go:501.2,502.16 2 0
github.com/jeranaias/rigrun-tui/internal/ui/chat/commands.go:503.16,504.20 1 0
github.com/jeranaias/rigrun-tui/internal/ui/chat/commands.go:504.20,508.4 3 0
github.com/jeranaias/rigrun-tui/internal/ui/chat/commands.go:509.3,510.42 2 0
github.com/jeranaias/rigrun-tui/internal/ui/chat/commands.go:510.42,514.4 3 0
github.com/jeranaias/rigrun-tui/internal/ui/chat/commands.go:515.3,518.16 4 0
github.com/jeranaias/rigrun-tui/internal/ui/chat/commands.go:520.17,521.20 1 0
github.com/jeranaias/rigrun-tui/internal/ui/chat/commands.go:521.20,525.4 3 0
github.com/jeranaias/rigrun-tui/internal/ui/chat/commands.go:526.3,527.42 2 0
github.com/jeranaias/rigrun-tui/internal/ui/chat/commands.go:527.42,531.4 3 0
github.com/jeranaias/rigrun-tui/internal/ui/chat/commands.go:532.3,535.16 4 0
github.com/jeranaias/rigrun-tui/internal/ui/chat/commands.go:537.10,540.16 3 0
github.com/jeranaias/rigrun-tui/internal/ui/chat/commands.go:544.72,550.21 4 0
github.com/jeranaias/rigrun-tui/internal/ui/chat/commands.go:550.21,554.17 4 0
github.com/jeranaias/rigrun-tui/internal/ui/chat/commands.go:554.17,556.4 1 0
github.com/jeranaias/rigrun-tui/internal/ui/chat/commands.go:556.9,559.4 2 0
github.com/jeranaias/rigrun-tui/internal/ui/chat/commands.go:560.8,562.3 1 0
github.com/jeranaias/rigrun-tui/internal/ui/chat/commands.go:564.2,565.19 2 0
github.com/jeranaias/rigrun-tui/internal/ui/chat/commands.go:565.19,568.3 2 0
github.com/jeranaias/rigrun-tui/internal/ui/chat/commands.go:568.8,568.33 1 0
github.com/jeranaias/rigrun-tui/internal/ui/chat/commands.go:568.33,571.3 2 0
github.com/jeranaias/rigrun-tui/internal/ui/chat/commands.go:571.8,574.3 2 0
github.com/jeranaias/rigrun-tui/internal/ui/chat/commands.go:576.2,578.39 3 0
github.com/jeranaias/rigrun-tui/internal/ui/chat/commands.go:578.39,580.3 1 0
github.com/jeranaias/rigrun-tui/internal/ui/chat/commands.go:580.8,584.3 3 0
github.com/jeranaias/rigrun-tui/internal/ui/chat/commands.go:586.2,592.15 6 0
github.com/jeranaias/rigrun-tui/internal/ui/chat/commands.go:595.72,596.41 1 0
github.com/jeranaias/rigrun-tui/internal/ui/chat/commands.go:596.41,598.3 1 0
github.com/jeranaias/rigrun-tui/internal/ui/chat/commands.go:600.2,601.16 2 0
github.com/jeranaias/rigrun-tui/internal/ui/chat/commands.go:602.38,603.37 1 0
github.com/jeranaias/rigrun-tui/internal/ui/chat/commands.go:604.26,605.37 1 0
github.com/jeranaias/rigrun-tui/internal/ui/chat/commands.go:606.15,607.43 1 0
github.com/jeranaias/rigrun-tui/internal/ui/chat/commands.go:608.14,609.42 1 0
github.com/jeranaias/rigrun-tui/internal/ui/chat/commands.go:610.10,613.16 3 0
github.com/jeranaias/rigrun-tui/internal/ui/chat/commands.go:617.75,618.20 1 0
github.com/jeranaias/rigrun-tui/internal/ui/chat/commands.go:618.20,625.3 6 0
github.com/jeranaias/rigrun-tui/internal/ui/chat/commands.go:627.2,628.16 2 0
github.com/jeranaias/rigrun-tui/internal/ui/chat/commands.go:629.22,632.16 3 0
github.com/jeranaias/rigrun-tui/internal/ui/chat/commands.go:633.24,636.16 3 0
github.com/jeranaias/rigrun-tui/internal/ui/chat/commands.go:637.10,640.16 3 0
github.com/jeranaias/rigrun-tui/internal/ui/chat/commands.go:648.72,655.19 6 0
github.com/jeranaias/rigrun-tui/internal/ui/chat/commands.go:655.19,658.3 2 0
github.com/jeranaias/rigrun-tui/internal/ui/chat/commands.go:658.8,662.3 3 0
github.com/jeranaias/rigrun-tui/internal/ui/chat/commands.go:663.2,666.27 4 0
github.com/jeranaias/rigrun-tui/internal/ui/chat/commands.go:666.27,673.3 6 0
github.com/jeranaias/rigrun-tui/internal/ui/chat/commands.go:674.2,676.15 3 0
github.com/jeranaias/rigrun-tui/internal/ui/chat/commands.go:679.71,681.19 2 0
github.com/jeranaias/rigrun-tui/internal/ui/chat/commands.go:681.19,683.3 1 0
github.com/jeranaias/rigrun-tui/internal/ui/chat/commands.go:684.2,684.16 1 0
github.com/jeranaias/rigrun-tui/internal/ui/chat/commands.go:685.29,686.28 1 0
github.com/jeranaias/rigrun-tui/internal/ui/chat/commands.go:686.28,690.4 3 0
github.com/jeranaias/rigrun-tui/internal/ui/chat/commands.go:691.3,714.16 23 0
github.com/jeranaias/rigrun-tui/internal/ui/chat/commands.go:716.15,717.28 1 0
github.com/jeranaias/rigrun-tui/internal/ui/chat/commands.go:717.28,721.4 3 0
github.com/jeranaias/rigrun-tui/internal/ui/chat/commands.go:722.3,725.16 4 0
github.com/jeranaias/rigrun-tui/internal/ui/chat/commands.go:727.10,730.16 3 0
github.com/jeranaias/rigrun-tui/internal/ui/chat/commands.go:734.69,738.17 3 0
github.com/jeranaias/rigrun-tui/internal/ui/chat/commands.go:738.17,742.3 3 0
github.com/jeranaias/rigrun-tui/internal/ui/chat/commands.go:742.8,744.3 1 0
github.com/jeranaias/rigrun-tui/internal/ui/chat/commands.go:745.2,745.21 1 0
github.com/jeranaias/rigrun-tui/internal/ui/chat/commands.go:745.21,747.3 1 0
github.com/jeranaias/rigrun-tui/internal/ui/chat/commands.go:747.8,749.3 1 0
github.com/jeranaias/rigrun-tui/internal/ui/chat/commands.go:750.2,752.15 3 0
github.com/jeranaias/rigrun-tui/internal/ui/chat/commands.go:755.73,770.2 13 0
github.com/jeranaias/rigrun-tui/internal/ui/chat/commands.go:772.72,787.26 13 0
github.com/jeranaias/rigrun-tui/internal/ui/chat/commands.go:787.26,789.3 1 0
github.com/jeranaias/rigrun-tui/internal/ui/chat/commands.go:789.8,789.33 1 0
github.com/jeranaias/rigrun-tui/internal/ui/chat/commands.go:789.33,791.3 1 0
github.com/jeranaias/rigrun-tui/internal/ui/chat/commands.go:791.8,793.3 1 0
github.com/jeranaias/rigrun-tui/internal/ui/chat/commands.go:795.2,797.15 3 0
github.com/jeranaias/rigrun-tui/internal/ui/chat/commands.go:800.73,823.23 21 0
github.com/jeranaias/rigrun-tui/internal/ui/chat/commands.go:823.23,825.3 1 0
github.com/jeranaias/rigrun-tui/internal/ui/chat/commands.go:826.2,826.32 1 0
github.com/jeranaias/rigrun-tui/internal/ui/chat/commands.go:826.32,827.17 1 0
github.com/jeranaias/rigrun-tui/internal/ui/chat/commands.go:827.17,829.4 1 0
github.com/jeranaias/rigrun-tui/internal/ui/chat/commands.go:829.9,831.4 1 0
github.com/jeranaias/rigrun-tui/internal/ui/chat/commands.go:833.2,837.15 4 0
github.com/jeranaias/rigrun-tui/internal/ui/chat/commands.go:844.61,850.21 4 0
github.com/jeranaias/rigrun-tui/internal/ui/chat/commands.go:850.21,854.17 4 0
github.com/jeranaias/rigrun-tui/internal/ui/chat/commands.go:854.17,856.4 1 0
github.com/jeranaias/rigrun-tui/internal/ui/chat/commands.go:856.9,856.30 1 0
github.com/jeranaias/rigrun-tui/internal/ui/chat/commands.go:856.30,858.4 1 0
github.com/jeranaias/rigrun-tui/internal/ui/chat/commands.go:858.9,859.33 1 0
github.com/jeranaias/rigrun-tui/internal/ui/chat/commands.go:859.33,863.22 4 0
github.com/jeranaias/rigrun-tui/internal/ui/chat/commands.go:863.22,865.6 1 0
github.com/jeranaias/rigrun-tui/internal/ui/chat/commands.go:866.5,866.91 1 0
github.com/jeranaias/rigrun-tui/internal/ui/chat/commands.go:869.8,871.3 1 0
github.com/jeranaias/rigrun-tui/internal/ui/chat/commands.go:873.2,873.20 1 0
github.com/jeranaias/rigrun-tui/internal/ui/chat/commands.go:873.20,880.3 6 0
github.com/jeranaias/rigrun-tui/internal/ui/chat/commands.go:880.8,882.3 1 0
github.com/jeranaias/rigrun-tui/internal/ui/chat/commands.go:884.2,887.15 4 0
github.com/jeranaias/rigrun-tui/internal/ui/chat/commands.go:890.62,895.2 4 0
github.com/jeranaias/rigrun-tui/internal/ui/chat/commands.go:897.62,904.2 6 0
github.com/jeranaias/rigrun-tui/internal/ui/chat/commands.go:906.77,907.19 1 0
github.com/jeranaias/rigrun-tui/internal/ui/chat/commands.go:907.19,911.3 3 0
github.com/jeranaias/rigrun-tui/internal/ui/chat/commands.go:912.2,918.18 5 0
github.com/jeranaias/rigrun-tui/internal/ui/chat/commands.go:918.18,920.3 1 0
github.com/jeranaias/rigrun-tui/internal/ui/chat/commands.go:920.8,924.3 3 0
github.com/jeranaias/rigrun-tui/internal/ui/chat/commands.go:925.2,925.30 1 0
github.com/jeranaias/rigrun-tui/internal/ui/chat/commands.go:925.30,929.3 3 0
github.com/jeranaias/rigrun-tui/internal/ui/chat/commands.go:930.2,930.45 1 0
github.com/jeranaias/rigrun-tui/internal/ui/chat/commands.go:930.45,934.3 3 0
github.com/jeranaias/rigrun-tui/internal/ui/chat/commands.go:935.2,937.15 3 0
github.com/jeranaias/rigrun-tui/internal/ui/chat/commands.go:940.76,941.19 1 0
github.com/jeranaias/rigrun-tui/internal/ui/chat/commands.go:941.19,945.3 3 0
github.com/jeranaias/rigrun-tui/internal/ui/chat/commands.go:946.2,948.21 2 0
github.com/jeranaias/rigrun-tui/internal/ui/chat/commands.go:948.21,952.17 4 0
github.com/jeranaias/rigrun-tui/internal/ui/chat/commands.go:952.17,954.4 1 0
github.com/jeranaias/rigrun-tui/internal/ui/chat/commands.go:954.9,966.20 9 0
github.com/jeranaias/rigrun-tui/internal/ui/chat/commands.go:966.20,968.5 1 0
github.com/jeranaias/rigrun-tui/internal/ui/chat/commands.go:968.10,972.31 4 0
github.com/jeranaias/rigrun-tui/internal/ui/chat/commands.go:972.31,976.6 3 0
github.com/jeranaias/rigrun-tui/internal/ui/chat/commands.go:978.4,978.48 1 0
github.com/jeranaias/rigrun-tui/internal/ui/chat/commands.go:980.8,982.3 1 0
github.com/jeranaias/rigrun-tui/internal/ui/chat/commands.go:983.2,984.15 2 0
github.com/jeranaias/rigrun-tui/internal/ui/chat/commands.go:992.72,993.20 1 0
github.com/jeranaias/rigrun-tui/internal/ui/chat/commands.go:993.20,997.3 3 0
github.com/jeranaias/rigrun-tui/internal/ui/chat/commands.go:998.2,999.27 2 0
github.com/jeranaias/rigrun-tui/internal/ui/chat/commands.go:999.27,1001.3 1 0
github.com/jeranaias/rigrun-tui/internal/ui/chat/commands.go:1005.80,1006.20 1 0
github.com/jeranaias/rigrun-tui/internal/ui/chat/commands.go:1006.20,1010.3 3 0
github.com/jeranaias/rigrun-tui/internal/ui/chat/commands.go:1011.2,1012.27 2 0
github.com/jeranaias/rigrun-tui/internal/ui/chat/commands.go:1012.27,1014.3 1 0
github.com/jeranaias/rigrun-tui/internal/ui/chat/commands.go:1044.70,1045.19 1 0
github.com/jeranaias/rigrun-tui/internal/ui/chat/commands.go:1045.19,1049.3 3 0
github.com/jeranaias/rigrun-tui/internal/ui/chat/commands.go:1052.2,1056.27 4 0
github.com/jeranaias/rigrun-tui/internal/ui/chat/commands.go:1056.27,1062.3 1 0
github.com/jeranaias/rigrun-tui/internal/ui/chat/commands.go:1067.71,1069.19 2 0
github.com/jeranaias/rigrun-tui/internal/ui/chat/commands.go:1069.19,1071.3 1 0
github.com/jeranaias/rigrun-tui/internal/ui/chat/commands.go:1073.2,1073.27 1 0
github.com/jeranaias/rigrun-tui/internal/ui/chat/commands.go:1073.27,1075.3 1 0
github.com/jeranaias/rigrun-tui/internal/ui/chat/commands.go:1080.76,1081.20 1 0
github.com/jeranaias/rigrun-tui/internal/ui/chat/commands.go:1081.20,1085.3 3 0
github.com/jeranaias/rigrun-tui/internal/ui/chat/commands.go:1087.2,1088.27 2 0
github.com/jeranaias/rigrun-tui/internal/ui/chat/commands.go:1088.27,1090.3 1 0
github.com/jeranaias/rigrun-tui/internal/ui/chat/completion.go:20.59,26.80 3 0
github.com/jeranaias/rigrun-tui/internal/ui/chat/completion.go:26.80,34.3 3 0
github.com/jeranaias/rigrun-tui/internal/ui/chat/completion.go:37.2,37.24 1 0
github.com/jeranaias/rigrun-tui/internal/ui/chat/completion.go:37.24,39.3 1 0
github.com/jeranaias/rigrun-tui/internal/ui/chat/completion.go:41.2,42.27 2 0
github.com/jeranaias/rigrun-tui/internal/ui/chat/completion.go:42.27,44.3 1 0
github.com/jeranaias/rigrun-tui/internal/ui/chat/completion.go:47.2,47.30 1 0
github.com/jeranaias/rigrun-tui/internal/ui/chat/completion.go:47.30,53.28 4 0
github.com/jeranaias/rigrun-tui/internal/ui/chat/completion.go:53.28,55.4 1 0
github.com/jeranaias/rigrun-tui/internal/ui/chat/completion.go:58.2,58.15 1 0
github.com/jeranaias/rigrun-tui/internal/ui/chat/completion.go:62.55,63.60 1 0
github.com/jeranaias/rigrun-tui/internal/ui/chat/completion.go:63.60,65.3 1 0
github.com/jeranaias/rigrun-tui/internal/ui/chat/completion.go:67.2,68.21 2 0
github.com/jeranaias/rigrun-tui/internal/ui/chat/completion.go:68.21,70.3 1 0
github.com/jeranaias/rigrun-tui/internal/ui/chat/completion.go:73.2,86.69 6 0
github.com/jeranaias/rigrun-tui/internal/ui/chat/completion.go:86.69,89.38 2 0
github.com/jeranaias/rigrun-tui/internal/ui/chat/completion.go:89.38,91.4 1 0
github.com/jeranaias/rigrun-tui/internal/ui/chat/completion.go:95.2,95.109 1 0
github.com/jeranaias/rigrun-tui/internal/ui/chat/completion.go:95.109,97.3 1 0
github.com/jeranaias/rigrun-tui/internal/ui/chat/completion.go:100.2,104.65 3 0
github.com/jeranaias/rigrun-tui/internal/ui/chat/completion.go:104.65,107.3 2 0
github.com/jeranaias/rigrun-tui/internal/ui/chat/completion.go:110.2,111.49 2 0
github.com/jeranaias/rigrun-tui/internal/ui/chat/completion.go:111.49,112.41 1 0
github.com/jeranaias/rigrun-tui/internal/ui/chat/completion.go:112.41,114.4 1 0
github.com/jeranaias/rigrun-tui/internal/ui/chat/completion.go:118.2,118.24 1 0
github.com/jeranaias/rigrun-tui/internal/ui/chat/completion.go:118.24,120.3 1 0
github.com/jeranaias/rigrun-tui/internal/ui/chat/completion.go:121.2,121.27 1 0
github.com/jeranaias/rigrun-tui/internal/ui/chat/completion.go:125.69,126.28 1 0
github.com/jeranaias/rigrun-tui/internal/ui/chat/completion.go:126.28,128.3 1 0
github.com/jeranaias/rigrun-tui/internal/ui/chat/completion.go:131.2,132.42 2 0
github.com/jeranaias/rigrun-tui/internal/ui/chat/completion.go:132.42,134.39 1 0
github.com/jeranaias/rigrun-tui/internal/ui/chat/completion.go:134.39,135.23 1 0
github.com/jeranaias/rigrun-tui/internal/ui/chat/completion.go:135.23,137.5 1 0
github.com/jeranaias/rigrun-tui/internal/ui/chat/completion.go:138.4,138.23 1 0
github.com/jeranaias/rigrun-tui/internal/ui/chat/completion.go:138.23,140.10 1 0
github.com/jeranaias/rigrun-tui/internal/ui/chat/completion.go:146.2,146.46 1 0
github.com/jeranaias/rigrun-tui/internal/ui/chat/completion.go:146.46,148.39 1 0
github.com/jeranaias/rigrun-tui/internal/ui/chat/completion.go:148.39,149.23 1 0
github.com/jeranaias/rigrun-tui/internal/ui/chat/completion.go:149.23,151.5 1 0
github.com/jeranaias/rigrun-tui/internal/ui/chat/completion.go:152.4,152.23 1 0
github.com/jeranaias/rigrun-tui/internal/ui/chat/completion.go:152.23,154.10 1 0
github.com/jeranaias/rigrun-tui/internal/ui/chat/completion.go:160.2,160.38 1 0
github.com/jeranaias/rigrun-tui/internal/ui/chat/completion.go:160.38,161.22 1 0
github.com/jeranaias/rigrun-tui/internal/ui/chat/completion.go:161.22,163.4 1 0
github.com/jeranaias/rigrun-tui/internal/ui/chat/completion.go:166.2,166.10 1 0
github.com/jeranaias/rigrun-tui/internal/ui/chat/completion.go:170.36,173.30 3 0
github.com/jeranaias/rigrun-tui/internal/ui/chat/completion.go:173.30,175.3 1 0
github.com/jeranaias/rigrun-tui/internal/ui/chat/completion.go:179.61,181.2 1 0
github.com/jeranaias/rigrun-tui/internal/ui/chat/completion.go:184.52,186.2 1 0
github.com/jeranaias/rigrun-tui/internal/ui/chat/completion.go:189.43,190.24 1 0
github.com/jeranaias/rigrun-tui/internal/ui/chat/completion.go:190.24,192.3 1 0
github.com/jeranaias/rigrun-tui/internal/ui/chat/completion.go:195.2,195.41 1 0
github.com/jeranaias/rigrun-tui/internal/ui/chat/completion.go:195.41,196.22 1 0
github.com/jeranaias/rigrun-tui/internal/ui/chat/completion.go:196.22,198.4 1 0
github.com/jeranaias/rigrun-tui/internal/ui/chat/completion.go:201.3,207.4 1 0
github.com/jeranaias/rigrun-tui/internal/ui/chat/completion.go:211.2,211.57 1 0
github.com/jeranaias/rigrun-tui/internal/ui/chat/completion.go:211.57,214.3 1 0
github.com/jeranaias/rigrun-tui/internal/ui/chat/completion.go:217.2,217.40 1 0
github.com/jeranaias/rigrun-tui/internal/ui/chat/completion.go:217.40,218.28 1 0
github.com/jeranaias/rigrun-tui/internal/ui/chat/completion.go:218.28,220.4 1 0
github.com/jeranaias/rigrun-tui/internal/ui/chat/completion.go:221.3,223.30 3 0
github.com/jeranaias/rigrun-tui/internal/ui/chat/completion.go:223.30,225.4 1 0
github.com/jeranaias/rigrun-tui/internal/ui/chat/completion.go:226.3,226.15 1 0
github.com/jeranaias/rigrun-tui/internal/ui/chat/completion.go:230.2,230.41 1 0
github.com/jeranaias/rigrun-tui/internal/ui/chat/completion.go:230.41,235.3 1 0
github.com/jeranaias/rigrun-tui/internal/ui/chat/completion.go:238.2,238.27 1 0
github.com/jeranaias/rigrun-tui/internal/ui/chat/export.go:17.98,25.27 4 0
github.com/jeranaias/rigrun-tui/internal/ui/chat/export.go:25.27,41.3 8 0
github.com/jeranaias/rigrun-tui/internal/ui/chat/export.go:45.90,46.22 1 0
github.com/jeranaias/rigrun-tui/internal/ui/chat/export.go:46.22,48.3 1 0
github.com/jeranaias/rigrun-tui/internal/ui/chat/export.go:48.8,50.3 1 0
github.com/jeranaias/rigrun-tui/internal/ui/chat/export.go:51.2,52.15 2 0
github.com/jeranaias/rigrun-tui/internal/ui/chat/input.go:30.51,32.19 2 0
github.com/jeranaias/rigrun-tui/internal/ui/chat/input.go:32.19,34.3 1 0
github.com/jeranaias/rigrun-tui/internal/ui/chat/input.go:37.2,37.37 1 0
github.com/jeranaias/rigrun-tui/internal/ui/chat/input.go:37.37,39.3 1 0
github.com/jeranaias/rigrun-tui/internal/ui/chat/input.go:42.2,43.49 2 0
github.com/jeranaias/rigrun-tui/internal/ui/chat/input.go:43.49,45.3 1 0
github.com/jeranaias/rigrun-tui/internal/ui/chat/input.go:48.2,54.92 3 0
github.com/jeranaias/rigrun-tui/internal/ui/chat/input.go:54.92,56.3 1 0
github.com/jeranaias/rigrun-tui/internal/ui/chat/input.go:59.2,72.23 8 0
github.com/jeranaias/rigrun-tui/internal/ui/chat/input.go:72.23,74.3 1 0
github.com/jeranaias/rigrun-tui/internal/ui/chat/input.go:77.2,91.24 7 0
github.com/jeranaias/rigrun-tui/internal/ui/chat/input.go:91.24,93.3 1 0
github.com/jeranaias/rigrun-tui/internal/ui/chat/input.go:94.2,94.31 1 0
github.com/jeranaias/rigrun-tui/internal/ui/chat/input.go:106.80,111.66 4 0
github.com/jeranaias/rigrun-tui/internal/ui/chat/input.go:111.66,113.3 1 0
github.com/jeranaias/rigrun-tui/internal/ui/chat/input.go:115.2,118.35 2 0
github.com/jeranaias/rigrun-tui/internal/ui/chat/input.go:118.35,120.3 1 0
github.com/jeranaias/rigrun-tui/internal/ui/chat/input.go:123.2,124.26 2 0
github.com/jeranaias/rigrun-tui/internal/ui/chat/input.go:124.26,126.3 1 0
github.com/jeranaias/rigrun-tui/internal/ui/chat/input.go:129.2,132.24 2 0
github.com/jeranaias/rigrun-tui/internal/ui/chat/input.go:132.24,135.3 2 0
github.com/jeranaias/rigrun-tui/internal/ui/chat/input.go:137.2,137.53 1 0
github.com/jeranaias/rigrun-tui/internal/ui/chat/input.go:146.110,158.36 6 0
github.com/jeranaias/rigrun-tui/internal/ui/chat/input.go:158.36,160.3 1 0
github.com/jeranaias/rigrun-tui/internal/ui/chat/input.go:160.8,162.3 1 0
github.com/jeranaias/rigrun-tui/internal/ui/chat/input.go:163.2,175.27 4 0
github.com/jeranaias/rigrun-tui/internal/ui/chat/input.go:175.27,178.3 2 0
github.com/jeranaias/rigrun-tui/internal/ui/chat/input.go:181.2,187.27 4 0
github.com/jeranaias/rigrun-tui/internal/ui/chat/input.go:200.76,212.99 3 0
github.com/jeranaias/rigrun-tui/internal/ui/chat/input.go:212.99,222.3 4 0
github.com/jeranaias/rigrun-tui/internal/ui/chat/input.go:227.2,227.23 1 0
github.com/jeranaias/rigrun-tui/internal/ui/chat/input.go:228.15,231.72 2 0
github.com/jeranaias/rigrun-tui/internal/ui/chat/input.go:233.15,237.30 2 0
github.com/jeranaias/rigrun-tui/internal/ui/chat/input.go:237.30,239.4 1 0
github.com/jeranaias/rigrun-tui/internal/ui/chat/input.go:242.3,243.18 2 0
github.com/jeranaias/rigrun-tui/internal/ui/chat/input.go:245.24,260.18 4 0
github.com/jeranaias/rigrun-tui/internal/ui/chat/input.go:262.10,268.18 3 0
github.com/jeranaias/rigrun-tui/internal/ui/chat/input.go:275.150,276.37 1 0
github.com/jeranaias/rigrun-tui/internal/ui/chat/input.go:276.37,278.3 1 0
github.com/jeranaias/rigrun-tui/internal/ui/chat/input.go:281.2,283.17 2 0
github.com/jeranaias/rigrun-tui/internal/ui/chat/input.go:283.17,286.30 2 0
github.com/jeranaias/rigrun-tui/internal/ui/chat/input.go:286.30,288.4 1 0
github.com/jeranaias/rigrun-tui/internal/ui/chat/input.go:288.9,290.4 1 0
github.com/jeranaias/rigrun-tui/internal/ui/chat/input.go:293.3,294.17 2 0
github.com/jeranaias/rigrun-tui/internal/ui/chat/input.go:294.17,299.4 3 0
github.com/jeranaias/rigrun-tui/internal/ui/chat/input.go:299.9,299.99 1 0
github.com/jeranaias/rigrun-tui/internal/ui/chat/input.go:299.99,304.4 3 0
github.com/jeranaias/rigrun-tui/internal/ui/chat/input.go:307.2,307.17 1 0
github.com/jeranaias/rigrun-tui/internal/ui/chat/input.go:315.134,318.23 2 0
github.com/jeranaias/rigrun-tui/internal/ui/chat/input.go:319.24,324.79 4 0
github.com/jeranaias/rigrun-tui/internal/ui/chat/input.go:326.24,329.79 2 0
github.com/jeranaias/rigrun-tui/internal/ui/chat/input.go:331.23,332.61 1 0
github.com/jeranaias/rigrun-tui/internal/ui/chat/input.go:334.96,335.67 1 0
github.com/jeranaias/rigrun-tui/internal/ui/chat/input.go:337.10,342.79 4 0
github.com/jeranaias/rigrun-tui/internal/ui/chat/input.go:347.124,349.24 1 0
github.com/jeranaias/rigrun-tui/internal/ui/chat/input.go:349.24,353.3 3 0
github.com/jeranaias/rigrun-tui/internal/ui/chat/input.go:356.2,356.41 1 0
github.com/jeranaias/rigrun-tui/internal/ui/chat/input.go:356.41,361.3 4 0
github.com/jeranaias/rigrun-tui/internal/ui/chat/input.go:364.2,367.78 4 0
github.com/jeranaias/rigrun-tui/internal/ui/chat/input.go:371.138,373.24 1 0
github.com/jeranaias/rigrun-tui/internal/ui/chat/input.go:373.24,377.3 3 0
github.com/jeranaias/rigrun-tui/internal/ui/chat/input.go:380.2,383.78 4 0
github.com/jeranaias/rigrun-tui/internal/ui/chat/input.go:391.52,393.20 2 0
github.com/jeranaias/rigrun-tui/internal/ui/chat/input.go:393.20,395.3 1 0
github.com/jeranaias/rigrun-tui/internal/ui/chat/input.go:396.2,396.13 1 0
github.com/jeranaias/rigrun-tui/internal/ui/chat/keys.go:38.29,101.2 1 0
github.com/jeranaias/rigrun-tui/internal/ui/chat/keys.go:109.43,111.2 1 0
github.com/jeranaias/rigrun-tui/internal/ui/chat/keys.go:115.44,126.2 1 0
github.com/jeranaias/rigrun-tui/internal/ui/chat/keys.go:140.32,155.2 1 0
github.com/jeranaias/rigrun-tui/internal/ui/chat/keys.go:158.35,167.2 1 0
github.com/jeranaias/rigrun-tui/internal/ui/chat/messages.go:420.57,425.2 1 0
github.com/jeranaias/rigrun-tui/internal/ui/chat/messages.go:429.78,435.2 1 0
github.com/jeranaias/rigrun-tui/internal/ui/chat/messages.go:439.99,445.2 1 0
github.com/jeranaias/rigrun-tui/internal/ui/chat/messages.go:449.50,455.2 1 0
github.com/jeranaias/rigrun-tui/internal/ui/chat/messages.go:459.87,466.2 1 0
github.com/jeranaias/rigrun-tui/internal/ui/chat/messages.go:471.52,476.55 2 0
github.com/jeranaias/rigrun-tui/internal/ui/chat/messages.go:476.55,484.3 1 0
github.com/jeranaias/rigrun-tui/internal/ui/chat/messages.go:487.2,487.36 1 0
github.com/jeranaias/rigrun-tui/internal/ui/chat/messages.go:492.53,498.46 2 0
github.com/jeranaias/rigrun-tui/internal/ui/chat/messages.go:498.46,504.3 1 0
github.com/jeranaias/rigrun-tui/internal/ui/chat/messages.go:507.2,507.81 1 0
github.com/jeranaias/rigrun-tui/internal/ui/chat/messages.go:507.81,513.3 1 0
github.com/jeranaias/rigrun-tui/internal/ui/chat/messages.go:516.2,518.37 1 0
github.com/jeranaias/rigrun-tui/internal/ui/chat/messages.go:518.37,524.3 1 0
github.com/jeranaias/rigrun-tui/internal/ui/chat/messages.go:527.2,528.86 1 0
github.com/jeranaias/rigrun-tui/internal/ui/chat/messages.go:528.86,534.3 1 0
github.com/jeranaias/rigrun-tui/internal/ui/chat/messages.go:537.2,537.86 1 0
github.com/jeranaias/rigrun-tui/internal/ui/chat/messages.go:537.86,543.3 1 0
github.com/jeranaias/rigrun-tui/internal/ui/chat/messages.go:546.2,548.43 1 0
github.com/jeranaias/rigrun-tui/internal/ui/chat/messages.go:548.43,554.3 1 0
github.com/jeranaias/rigrun-tui/internal/ui/chat/messages.go:557.2,559.37 1 0
github.com/jeranaias/rigrun-tui/internal/ui/chat/messages.go:559.37,565.3 1 0
github.com/jeranaias/rigrun-tui/internal/ui/chat/messages.go:568.2,568.12 1 0
github.com/jeranaias/rigrun-tui/internal/ui/chat/model.go:180.37,273.2 29 0
github.com/jeranaias/rigrun-tui/internal/ui/chat/model.go:276.70,279.19 3 0
github.com/jeranaias/rigrun-tui/internal/ui/chat/model.go:279.19,281.3 1 0
github.com/jeranaias/rigrun-tui/internal/ui/chat/model.go:282.2,282.10 1 0
github.com/jeranaias/rigrun-tui/internal/ui/chat/model.go:290.31,301.45 4 0
github.com/jeranaias/rigrun-tui/internal/ui/chat/model.go:301.45,303.38 1 0
github.com/jeranaias/rigrun-tui/internal/ui/chat/model.go:303.38,305.4 1 0
github.com/jeranaias/rigrun-tui/internal/ui/chat/model.go:308.2,308.27 1 0
github.com/jeranaias/rigrun-tui/internal/ui/chat/model.go:312.57,315.27 2 0
github.com/jeranaias/rigrun-tui/internal/ui/chat/model.go:316.25,317.29 1 0
github.com/jeranaias/rigrun-tui/internal/ui/chat/model.go:319.18,320.26 1 0
github.com/jeranaias/rigrun-tui/internal/ui/chat/model.go:322.22,323.34 1 0
github.com/jeranaias/rigrun-tui/internal/ui/chat/model.go:325.22,326.34 1 0
github.com/jeranaias/rigrun-tui/internal/ui/chat/model.go:328.25,329.37 1 0
github.com/jeranaias/rigrun-tui/internal/ui/chat/model.go:331.22,332.34 1 0
github.com/jeranaias/rigrun-tui/internal/ui/chat/model.go:334.26,335.38 1 0
[...]
github.com/jeranaias/rigrun-tui/internal/ui/components/tutorial.go:321.19,323.3 1 0
github.com/jeranaias/rigrun-tui/internal/ui/components/tutorial.go:326.2,394.20 23 0
github.com/jeranaias/rigrun-tui/internal/ui/components/tutorial.go:394.20,401.97 4 0
github.com/jeranaias/rigrun-tui/internal/ui/components/tutorial.go:401.97,404.4 1 0
github.com/jeranaias/rigrun-tui/internal/ui/components/tutorial.go:405.3,405.34 1 0
github.com/jeranaias/rigrun-tui/internal/ui/components/tutorial.go:409.2,409.16 1 0
github.com/jeranaias/rigrun-tui/internal/ui/components/tutorial.go:409.16,415.3 1 0
github.com/jeranaias/rigrun-tui/internal/ui/components/tutorial.go:417.2,417.12 1 0
github.com/jeranaias/rigrun-tui/internal/ui/components/tutorial.go:421.54,424.36 2 0
github.com/jeranaias/rigrun-tui/internal/ui/components/tutorial.go:424.36,428.24 3 0
github.com/jeranaias/rigrun-tui/internal/ui/components/tutorial.go:428.24,432.4 2 0
github.com/jeranaias/rigrun-tui/internal/ui/components/tutorial.go:432.9,432.32 1 0
github.com/jeranaias/rigrun-tui/internal/ui/components/tutorial.go:432.32,436.4 2 0
github.com/jeranaias/rigrun-tui/internal/ui/components/tutorial.go:436.9,440.4 2 0
github.com/jeranaias/rigrun-tui/internal/ui/components/tutorial.go:442.3,442.41 1 0
github.com/jeranaias/rigrun-tui/internal/ui/components/tutorial.go:445.2,445.32 1 0
github.com/jeranaias/rigrun-tui/internal/ui/components/tutorial.go:453.54,455.2 1 0
github.com/jeranaias/rigrun-tui/internal/ui/components/viewport.go:38.57,52.2 3 0
github.com/jeranaias/rigrun-tui/internal/ui/components/viewport.go:55.52,65.2 7 0
github.com/jeranaias/rigrun-tui/internal/ui/components/viewport.go:68.64,74.19 4 0
github.com/jeranaias/rigrun-tui/internal/ui/components/viewport.go:74.19,76.3 1 0
github.com/jeranaias/rigrun-tui/internal/ui/components/viewport.go:80.59,85.19 4 0
github.com/jeranaias/rigrun-tui/internal/ui/components/viewport.go:85.19,87.3 1 0
github.com/jeranaias/rigrun-tui/internal/ui/components/viewport.go:91.45,94.19 2 0
github.com/jeranaias/rigrun-tui/internal/ui/components/viewport.go:94.19,96.3 1 0
github.com/jeranaias/rigrun-tui/internal/ui/components/viewport.go:100.41,115.32 7 0
github.com/jeranaias/rigrun-tui/internal/ui/components/viewport.go:115.32,117.3 1 0
github.com/jeranaias/rigrun-tui/internal/ui/components/viewport.go:118.2,118.20 1 0
github.com/jeranaias/rigrun-tui/internal/ui/components/viewport.go:118.20,120.3 1 0
github.com/jeranaias/rigrun-tui/internal/ui/components/viewport.go:124.42,128.2 3 0
github.com/jeranaias/rigrun-tui/internal/ui/components/viewport.go:131.39,135.2 3 0
github.com/jeranaias/rigrun-tui/internal/ui/components/viewport.go:138.45,142.2 3 0
github.com/jeranaias/rigrun-tui/internal/ui/components/viewport.go:145.47,150.33 3 0
github.com/jeranaias/rigrun-tui/internal/ui/components/viewport.go:150.33,152.3 1 0
github.com/jeranaias/rigrun-tui/internal/ui/components/viewport.go:156.34,160.2 3 0
github.com/jeranaias/rigrun-tui/internal/ui/components/viewport.go:163.36,168.33 3 0
github.com/jeranaias/rigrun-tui/internal/ui/components/viewport.go:168.33,170.3 1 0
github.com/jeranaias/rigrun-tui/internal/ui/components/viewport.go:174.38,176.2 1 0
github.com/jeranaias/rigrun-tui/internal/ui/components/viewport.go:179.41,181.2 1 0
github.com/jeranaias/rigrun-tui/internal/ui/components/viewport.go:184.49,186.2 1 0
github.com/jeranaias/rigrun-tui/internal/ui/components/viewport.go:189.44,191.2 1 0
github.com/jeranaias/rigrun-tui/internal/ui/components/viewport.go:194.45,196.2 1 0
github.com/jeranaias/rigrun-tui/internal/ui/components/viewport.go:199.70,202.27 2 0
github.com/jeranaias/rigrun-tui/internal/ui/components/viewport.go:203.18,204.23 1 0
github.com/jeranaias/rigrun-tui/internal/ui/components/viewport.go:205.18,207.18 2 0
github.com/jeranaias/rigrun-tui/internal/ui/components/viewport.go:208.20,211.35 2 0
github.com/jeranaias/rigrun-tui/internal/ui/components/viewport.go:211.35,213.5 1 0
github.com/jeranaias/rigrun-tui/internal/ui/components/viewport.go:214.4,214.18 1 0
github.com/jeranaias/rigrun-tui/internal/ui/components/viewport.go:215.15,218.18 3 0
github.com/jeranaias/rigrun-tui/internal/ui/components/viewport.go:219.25,222.35 2 0
github.com/jeranaias/rigrun-tui/internal/ui/components/viewport.go:222.35,224.5 1 0
github.com/jeranaias/rigrun-tui/internal/ui/components/viewport.go:225.4,225.18 1 0
github.com/jeranaias/rigrun-tui/internal/ui/components/viewport.go:226.20,229.18 3 0
github.com/jeranaias/rigrun-tui/internal/ui/components/viewport.go:230.19,233.18 3 0
github.com/jeranaias/rigrun-tui/internal/ui/components/viewport.go:236.20,238.19 1 0
github.com/jeranaias/rigrun-tui/internal/ui/components/viewport.go:239.25,241.18 2 0
github.com/jeranaias/rigrun-tui/internal/ui/components/viewport.go:242.27,244.18 2 0
github.com/jeranaias/rigrun-tui/internal/ui/components/viewport.go:249.2,254.16 3 0
github.com/jeranaias/rigrun-tui/internal/ui/components/viewport.go:258.39,259.15 1 0
github.com/jeranaias/rigrun-tui/internal/ui/components/viewport.go:259.15,261.3 1 0
github.com/jeranaias/rigrun-tui/internal/ui/components/viewport.go:264.2,274.24 5 0
github.com/jeranaias/rigrun-tui/internal/ui/components/viewport.go:274.24,277.3 2 0
github.com/jeranaias/rigrun-tui/internal/ui/components/viewport.go:280.2,283.27 2 0
github.com/jeranaias/rigrun-tui/internal/ui/components/viewport.go:283.27,286.3 2 0
github.com/jeranaias/rigrun-tui/internal/ui/components/viewport.go:288.2,288.24 1 0
github.com/jeranaias/rigrun-tui/internal/ui/components/viewport.go:292.49,301.2 3 0
github.com/jeranaias/rigrun-tui/internal/ui/components/viewport.go:308.53,309.16 1 0
github.com/jeranaias/rigrun-tui/internal/ui/components/viewport.go:309.16,311.3 1 0
github.com/jeranaias/rigrun-tui/internal/ui/components/viewport.go:313.2,330.41 5 0
github.com/jeranaias/rigrun-tui/internal/ui/components/viewport.go:334.56,335.19 1 0
github.com/jeranaias/rigrun-tui/internal/ui/components/viewport.go:335.19,337.3 1 0
github.com/jeranaias/rigrun-tui/internal/ui/components/viewport.go:339.2,358.23 6 0
github.com/jeranaias/rigrun-tui/internal/ui/components/viewport.go:358.23,360.3 1 0
github.com/jeranaias/rigrun-tui/internal/ui/components/viewport.go:362.2,366.41 2 0
github.com/jeranaias/rigrun-tui/internal/ui/components/viewport.go:382.51,389.2 1 0
github.com/jeranaias/rigrun-tui/internal/ui/components/viewport.go:392.44,394.2 1 0
github.com/jeranaias/rigrun-tui/internal/ui/components/viewport.go:397.47,398.13 1 0
github.com/jeranaias/rigrun-tui/internal/ui/components/viewport.go:398.13,400.3 1 0
github.com/jeranaias/rigrun-tui/internal/ui/components/viewport.go:401.2,401.13 1 0
github.com/jeranaias/rigrun-tui/internal/ui/components/viewport.go:401.13,403.3 1 0
github.com/jeranaias/rigrun-tui/internal/ui/components/viewport.go:404.2,404.20 1 0
github.com/jeranaias/rigrun-tui/internal/ui/components/viewport.go:408.53,409.17 1 0
github.com/jeranaias/rigrun-tui/internal/ui/components/viewport.go:409.17,411.3 1 0
github.com/jeranaias/rigrun-tui/internal/ui/components/viewport.go:412.2,412.15 1 0
github.com/jeranaias/rigrun-tui/internal/ui/components/viewport.go:412.15,414.3 1 0
github.com/jeranaias/rigrun-tui/internal/ui/components/viewport.go:415.2,415.25 1 0
github.com/jeranaias/rigrun-tui/internal/ui/components/viewport.go:419.36,420.46 1 0
github.com/jeranaias/rigrun-tui/internal/ui/components/viewport.go:420.46,425.3 2 0
github.com/jeranaias/rigrun-tui/internal/ui/components/viewport.go:428.2,429.19 2 0
github.com/jeranaias/rigrun-tui/internal/ui/components/viewport.go:429.19,431.3 1 0
github.com/jeranaias/rigrun-tui/internal/ui/components/viewport.go:432.2,432.27 1 0
github.com/jeranaias/rigrun-tui/internal/ui/components/viewport.go:432.27,434.3 1 0
github.com/jeranaias/rigrun-tui/internal/ui/components/viewport.go:437.2,439.18 3 0
github.com/jeranaias/rigrun-tui/internal/ui/components/viewport.go:439.18,441.3 1 0
github.com/jeranaias/rigrun-tui/internal/ui/components/viewport.go:442.2,442.32 1 0
github.com/jeranaias/rigrun-tui/internal/ui/components/viewport.go:442.32,444.3 1 0
github.com/jeranaias/rigrun-tui/internal/ui/components/viewport.go:447.2,455.33 4 0
github.com/jeranaias/rigrun-tui/internal/ui/components/viewport.go:455.33,456.46 1 0
github.com/jeranaias/rigrun-tui/internal/ui/components/viewport.go:456.46,458.4 1 0
github.com/jeranaias/rigrun-tui/internal/ui/components/viewport.go:458.9,460.4 1 0
github.com/jeranaias/rigrun-tui/internal/ui/components/viewport.go:461.3,461.22 1 0
github.com/jeranaias/rigrun-tui/internal/ui/components/viewport.go:461.22,463.4 1 0
github.com/jeranaias/rigrun-tui/internal/ui/components/viewport.go:466.2,466.24 1 0
github.com/jeranaias/rigrun-tui/internal/ui/components/viewport.go:483.75,491.2 1 0
github.com/jeranaias/rigrun-tui/internal/ui/components/viewport.go:494.62,499.2 4 0
github.com/jeranaias/rigrun-tui/internal/ui/components/viewport.go:502.74,505.2 2 0
github.com/jeranaias/rigrun-tui/internal/ui/components/viewport.go:508.69,511.2 2 0
github.com/jeranaias/rigrun-tui/internal/ui/components/viewport.go:514.55,517.2 2 0
github.com/jeranaias/rigrun-tui/internal/ui/components/viewport.go:520.53,525.22 3 0
github.com/jeranaias/rigrun-tui/internal/ui/components/viewport.go:525.22,528.3 2 0
github.com/jeranaias/rigrun-tui/internal/ui/components/viewport.go:532.89,537.2 4 0
github.com/jeranaias/rigrun-tui/internal/ui/components/viewport.go:540.49,551.2 3 0
github.com/jeranaias/rigrun-tui/internal/ui/components/viewport.go:554.52,557.2 2 0
github.com/jeranaias/rigrun-tui/internal/ui/components/viewport.go:559.49,562.2 2 0
github.com/jeranaias/rigrun-tui/internal/ui/components/viewport.go:564.54,566.2 1 0
github.com/jeranaias/rigrun-tui/internal/ui/components/viewport.go:568.55,570.2 1 0
github.com/jeranaias/rigrun-tui/internal/ui/components/viewport.go:579.63,580.16 1 0
github.com/jeranaias/rigrun-tui/internal/ui/components/viewport.go:580.16,582.3 1 0
github.com/jeranaias/rigrun-tui/internal/ui/components/viewport.go:584.2,585.52 2 0
github.com/jeranaias/rigrun-tui/internal/ui/components/viewport.go:585.52,588.25 2 0
github.com/jeranaias/rigrun-tui/internal/ui/components/viewport.go:588.25,589.25 1 0
github.com/jeranaias/rigrun-tui/internal/ui/components/viewport.go:589.25,591.5 1 0
github.com/jeranaias/rigrun-tui/internal/ui/components/viewport.go:592.4,593.12 2 0
github.com/jeranaias/rigrun-tui/internal/ui/components/viewport.go:597.3,598.24 2 0
github.com/jeranaias/rigrun-tui/internal/ui/components/viewport.go:598.24,600.4 1 0
github.com/jeranaias/rigrun-tui/internal/ui/components/viewport.go:601.3,601.35 1 0
github.com/jeranaias/rigrun-tui/internal/ui/components/viewport.go:604.2,604.25 1 0
github.com/jeranaias/rigrun-tui/internal/ui/components/viewport.go:610.59,611.16 1 0
github.com/jeranaias/rigrun-tui/internal/ui/components/viewport.go:611.16,613.3 1 0
github.com/jeranaias/rigrun-tui/internal/ui/components/viewport.go:615.2,616.21 2 0
github.com/jeranaias/rigrun-tui/internal/ui/components/viewport.go:616.21,618.3 1 0
github.com/jeranaias/rigrun-tui/internal/ui/components/viewport.go:620.2,625.26 5 0
github.com/jeranaias/rigrun-tui/internal/ui/components/viewport.go:625.26,629.15 2 0
github.com/jeranaias/rigrun-tui/internal/ui/components/viewport.go:629.15,631.4 1 0
github.com/jeranaias/rigrun-tui/internal/ui/components/viewport.go:634.3,634.37 1 0
github.com/jeranaias/rigrun-tui/internal/ui/components/viewport.go:634.37,636.49 1 0
github.com/jeranaias/rigrun-tui/internal/ui/components/viewport.go:636.49,644.77 5 0
github.com/jeranaias/rigrun-tui/internal/ui/components/viewport.go:644.77,649.6 3 0
github.com/jeranaias/rigrun-tui/internal/ui/components/viewport.go:652.5,652.25 1 0
github.com/jeranaias/rigrun-tui/internal/ui/components/viewport.go:652.25,654.6 1 0
github.com/jeranaias/rigrun-tui/internal/ui/components/viewport.go:655.5,661.22 5 0
github.com/jeranaias/rigrun-tui/internal/ui/components/viewport.go:662.10,664.30 1 0
github.com/jeranaias/rigrun-tui/internal/ui/components/viewport.go:664.30,665.26 1 0
github.com/jeranaias/rigrun-tui/internal/ui/components/viewport.go:665.26,667.7 1 0
github.com/jeranaias/rigrun-tui/internal/ui/components/viewport.go:668.6,669.25 2 0
github.com/jeranaias/rigrun-tui/internal/ui/components/viewport.go:671.5,673.22 3 0
github.com/jeranaias/rigrun-tui/internal/ui/components/viewport.go:675.9,678.4 2 0
github.com/jeranaias/rigrun-tui/internal/ui/components/viewport.go:682.2,682.27 1 0
github.com/jeranaias/rigrun-tui/internal/ui/components/viewport.go:682.27,683.23 1 0
github.com/jeranaias/rigrun-tui/internal/ui/components/viewport.go:683.23,685.4 1 0
github.com/jeranaias/rigrun-tui/internal/ui/components/viewport.go:686.3,686.43 1 0
github.com/jeranaias/rigrun-tui/internal/ui/components/viewport.go:689.2,689.24 1 0
github.com/jeranaias/rigrun-tui/internal/ui/components/viewport.go:698.28,699.11 1 0
github.com/jeranaias/rigrun-tui/internal/ui/components/viewport.go:699.11,701.3 1 0
github.com/jeranaias/rigrun-tui/internal/ui/components/viewport.go:702.2,702.10 1 0
github.com/jeranaias/rigrun-tui/internal/ui/components/viewport.go:707.52,708.24 1 0
github.com/jeranaias/rigrun-tui/internal/ui/components/viewport.go:708.24,710.3 1 0
github.com/jeranaias/rigrun-tui/internal/ui/components/viewport.go:711.2,711.62 1 0
github.com/jeranaias/rigrun-tui/internal/ui/components/viewport.go:715.42,717.2 1 0
github.com/jeranaias/rigrun-tui/internal/ui/components/viewport.go:720.45,722.2 1 0
github.com/jeranaias/rigrun-tui/internal/ui/components/welcome.go:33.46,41.2 1 0
github.com/jeranaias/rigrun-tui/internal/ui/components/welcome.go:44.46,46.2 1 0
github.com/jeranaias/rigrun-tui/internal/ui/components/welcome.go:49.45,51.2 1 0
github.com/jeranaias/rigrun-tui/internal/ui/components/welcome.go:54.43,56.2 1 0
github.com/jeranaias/rigrun-tui/internal/ui/components/welcome.go:59.40,61.2 1 0
github.com/jeranaias/rigrun-tui/internal/ui/components/welcome.go:64.48,66.2 1 0
github.com/jeranaias/rigrun-tui/internal/ui/components/welcome.go:69.46,72.2 2 0
github.com/jeranaias/rigrun-tui/internal/ui/components/welcome.go:79.33,81.2 1 0
github.com/jeranaias/rigrun-tui/internal/ui/components/welcome.go:84.57,85.27 1 0
github.com/jeranaias/rigrun-tui/internal/ui/components/welcome.go:86.25,88.24 2 0
github.com/jeranaias/rigrun-tui/internal/ui/components/welcome.go:90.2,90.15 1 0
github.com/jeranaias/rigrun-tui/internal/ui/components/welcome.go:95.32,97.16 2 0
github.com/jeranaias/rigrun-tui/internal/ui/components/welcome.go:97.16,99.3 1 0
github.com/jeranaias/rigrun-tui/internal/ui/components/welcome.go:100.2,101.17 2 0
github.com/jeranaias/rigrun-tui/internal/ui/components/welcome.go:101.17,103.3 1 0
github.com/jeranaias/rigrun-tui/internal/ui/components/welcome.go:106.2,114.16 5 0
github.com/jeranaias/rigrun-tui/internal/ui/components/welcome.go:114.16,116.3 1 0
github.com/jeranaias/rigrun-tui/internal/ui/components/welcome.go:117.2,117.19 1 0
github.com/jeranaias/rigrun-tui/internal/ui/components/welcome.go:117.19,119.3 1 0
github.com/jeranaias/rigrun-tui/internal/ui/components/welcome.go:120.2,120.24 1 0
github.com/jeranaias/rigrun-tui/internal/ui/components/welcome.go:120.24,122.3 1 0
github.com/jeranaias/rigrun-tui/internal/ui/components/welcome.go:125.2,127.16 3 0
github.com/jeranaias/rigrun-tui/internal/ui/components/welcome.go:127.16,129.3 1 0
github.com/jeranaias/rigrun-tui/internal/ui/components/welcome.go:132.2,152.33 5 0
github.com/jeranaias/rigrun-tui/internal/ui/components/welcome.go:152.33,159.3 5 0
github.com/jeranaias/rigrun-tui/internal/ui/components/welcome.go:159.8,159.40 1 0
github.com/jeranaias/rigrun-tui/internal/ui/components/welcome.go:159.40,166.3 5 0
github.com/jeranaias/rigrun-tui/internal/ui/components/welcome.go:166.8,166.40 1 0
github.com/jeranaias/rigrun-tui/internal/ui/components/welcome.go:166.40,173.3 5 0
github.com/jeranaias/rigrun-tui/internal/ui/components/welcome.go:173.8,179.3 4 0
github.com/jeranaias/rigrun-tui/internal/ui/components/welcome.go:182.2,182.48 1 0
github.com/jeranaias/rigrun-tui/internal/ui/components/welcome.go:182.48,185.3 2 0
github.com/jeranaias/rigrun-tui/internal/ui/components/welcome.go:187.2,200.34 4 0
github.com/jeranaias/rigrun-tui/internal/ui/components/welcome.go:200.34,207.3 1 0
github.com/jeranaias/rigrun-tui/internal/ui/components/welcome.go:207.8,214.3 1 0
github.com/jeranaias/rigrun-tui/internal/ui/components/welcome.go:217.2,217.33 1 0
github.com/jeranaias/rigrun-tui/internal/ui/components/welcome.go:226.60,240.18 3 0
github.com/jeranaias/rigrun-tui/internal/ui/components/welcome.go:240.18,243.18 1 0
github.com/jeranaias/rigrun-tui/internal/ui/components/welcome.go:243.18,248.4 1 0
github.com/jeranaias/rigrun-tui/internal/ui/components/welcome.go:248.9,253.4 1 0
github.com/jeranaias/rigrun-tui/internal/ui/components/welcome.go:254.8,254.25 1 0
github.com/jeranaias/rigrun-tui/internal/ui/components/welcome.go:254.25,256.18 1 0
github.com/jeranaias/rigrun-tui/internal/ui/components/welcome.go:256.18,265.4 1 0
github.com/jeranaias/rigrun-tui/internal/ui/components/welcome.go:265.9,274.4 1 0
github.com/jeranaias/rigrun-tui/internal/ui/components/welcome.go:275.8,275.25 1 0
github.com/jeranaias/rigrun-tui/internal/ui/components/welcome.go:275.25,296.3 1 0
github.com/jeranaias/rigrun-tui/internal/ui/components/welcome.go:296.8,296.24 1 0
github.com/jeranaias/rigrun-tui/internal/ui/components/welcome.go:296.24,309.3 1 0
github.com/jeranaias/rigrun-tui/internal/ui/components/welcome.go:309.8,319.3 1 0
github.com/jeranaias/rigrun-tui/internal/ui/components/welcome.go:322.2,326.49 2 0
github.com/jeranaias/rigrun-tui/internal/ui/components/welcome.go:331.38,337.19 2 0
github.com/jeranaias/rigrun-tui/internal/ui/components/welcome.go:337.19,346.3 2 0
github.com/jeranaias/rigrun-tui/internal/ui/components/welcome.go:349.2,349.30 1 0
github.com/jeranaias/rigrun-tui/internal/ui/components/welcome.go:353.45,358.19 2 0
github.com/jeranaias/rigrun-tui/internal/ui/components/welcome.go:358.19,363.3 1 0
github.com/jeranaias/rigrun-tui/internal/ui/components/welcome.go:366.2,366.54 1 0
github.com/jeranaias/rigrun-tui/internal/ui/components/welcome.go:370.41,375.2 1 0
github.com/jeranaias/rigrun-tui/internal/ui/components/welcome.go:378.44,394.19 4 0
github.com/jeranaias/rigrun-tui/internal/ui/components/welcome.go:394.19,409.3 5 0
github.com/jeranaias/rigrun-tui/internal/ui/components/welcome.go:411.2,411.55 1 0
github.com/jeranaias/rigrun-tui/internal/ui/components/welcome.go:415.51,421.2 2 0
github.com/jeranaias/rigrun-tui/internal/ui/components/welcome.go:424.47,430.19 4 0
github.com/jeranaias/rigrun-tui/internal/ui/components/welcome.go:430.19,433.3 2 0
github.com/jeranaias/rigrun-tui/internal/ui/components/welcome.go:433.8,434.15 1 0
github.com/jeranaias/rigrun-tui/internal/ui/components/welcome.go:435.16,436.73 1 0
github.com/jeranaias/rigrun-tui/internal/ui/components/welcome.go:437.16,438.71 1 0
github.com/jeranaias/rigrun-tui/internal/ui/components/welcome.go:439.25,441.37 2 0
github.com/jeranaias/rigrun-tui/internal/ui/components/welcome.go:442.11,443.68 1 0
github.com/jeranaias/rigrun-tui/internal/ui/components/welcome.go:447.2,447.38 1 0
github.com/jeranaias/rigrun-tui/internal/ui/components/welcome.go:451.44,473.2 6 0
github.com/jeranaias/rigrun-tui/internal/ui/components/welcome.go:476.51,481.2 2 0
github.com/jeranaias/rigrun-tui/internal/ui/components/welcome.go:484.42,488.2 1 0
github.com/jeranaias/rigrun-tui/internal/ui/components/welcome.go:495.27,502.2 1 0
github.com/jeranaias/rigrun-tui/internal/ui/components/welcome.go:505.26,510.2 1 0
github.com/jeranaias/rigrun-tui/internal/ui/components/welcome.go:517.33,541.30 5 0
github.com/jeranaias/rigrun-tui/internal/ui/components/welcome.go:541.30,543.3 1 0
github.com/jeranaias/rigrun-tui/internal/ui/components/welcome.go:545.2,550.49 2 0
github.com/jeranaias/rigrun-tui/internal/ui/components/welcome.go:558.63,571.2 5 0
